 slice time=     0.00
 slice time=     0.23
 slice time=     0.46
 slice time=     0.68
 slice time=     0.91
 slice time=     1.14
 slice time=     1.37
 slice time=     1.60
 slice time=     1.83
 slice time=     2.05
 slice time=     2.28
 slice time=     2.51
 slice time=     2.70
 slice time=     2.90
 slice time=     3.07
 slice time=     3.24
 slice time=     3.39
 slice time=     3.53
 slice time=     3.67
 slice time=     3.81
 slice time=     3.94
 slice time=     4.08
 slice time=     4.20
 slice time=     4.32
 slice time=     4.44
 slice time=     4.56
 slice time=     4.69
 slice time=     4.81
 slice time=     4.93
 slice time=     5.13
 slice time=     5.23
 slice time=     5.33
 slice time=     5.43
 slice time=     5.53
 slice time=     5.72
 slice time=     5.82
 slice time=     5.92
 slice time=     6.03
 slice time=     6.14
 slice time=     6.25
 slice time=     6.36
 slice time=     6.58
 slice time=     6.69
 slice time=     6.80
 slice time=     6.91
 slice time=     7.02
 slice time=     7.13
 slice time=     7.25
 slice time=     7.37
 slice time=     7.49
 slice time=     7.61
 slice time=     7.74
 slice time=     7.86
 slice time=     7.98
 slice time=     8.10
 slice time=     8.22
 slice time=     8.34
 slice time=     8.46
 slice time=     8.57
 slice time=     8.68
 slice time=     8.78
 slice time=     8.89
 slice time=     9.00
 slice time=     9.22
 slice time=     9.33
 slice time=     9.44
 slice time=     9.54
 slice time=     9.65
 slice time=     9.76
 slice time=     9.87
 slice time=     9.98
 slice time=    10.09
 slice time=    10.28
 slice time=    10.38
 slice time=    10.48
 slice time=    10.57
 slice time=    10.77
 slice time=    10.87
 slice time=    10.96
 slice time=    11.06
 slice time=    11.26
 slice time=    11.35
 slice time=    11.45
 slice time=    11.55
 slice time=    11.65
 slice time=    11.84
 slice time=    11.94
 slice time=    12.03
 slice time=    12.20
 slice time=    12.29
 slice time=    12.37
 slice time=    12.55
 slice time=    12.63
 slice time=    12.80
 slice time=    12.90
 slice time=    13.00
 slice time=    13.09
 slice time=    13.29
 slice time=    13.39
 slice time=    13.50
 slice time=    13.60
 slice time=    13.71
 slice time=    13.81
 slice time=    14.02
 slice time=    14.13
 slice time=    14.23
 slice time=    14.34
 slice time=     0.00
 slice time=     0.23
 slice time=     0.46
 slice time=     0.68
 slice time=     0.91
 slice time=     1.14
 slice time=     1.37
 slice time=     1.60
 slice time=     1.83
 slice time=     2.05
 slice time=     2.28
 slice time=     2.51
 slice time=     2.70
 slice time=     2.90
 slice time=     3.07
 slice time=     3.24
 slice time=     3.39
 slice time=     3.53
 slice time=     3.67
 slice time=     3.81
 slice time=     3.94
 slice time=     4.08
 slice time=     4.20
 slice time=     4.32
 slice time=     4.44
 slice time=     4.56
 slice time=     4.69
 slice time=     4.81
 slice time=     4.93
 slice time=     5.13
 slice time=     5.23
 slice time=     5.33
 slice time=     5.43
 slice time=     5.53
 slice time=     5.72
 slice time=     5.82
 slice time=     5.92
 slice time=     6.03
 slice time=     6.14
 slice time=     6.25
 slice time=     6.36
 slice time=     6.58
 slice time=     6.69
 slice time=     6.80
 slice time=     6.91
 slice time=     7.02
 slice time=     7.13
 slice time=     7.25
 slice time=     7.37
 slice time=     7.49
 slice time=     7.61
 slice time=     7.74
 slice time=     7.86
 slice time=     7.98
 slice time=     8.10
 slice time=     8.22
 slice time=     8.34
 slice time=     8.46
 slice time=     8.57
 slice time=     8.68
 slice time=     8.78
 slice time=     8.89
 slice time=     9.00
 slice time=     9.22
 slice time=     9.33
 slice time=     9.44
 slice time=     9.54
 slice time=     9.65
 slice time=     9.76
 slice time=     9.87
 slice time=     9.98
 slice time=    10.09
 slice time=    10.28
 slice time=    10.38
 slice time=    10.48
 slice time=    10.57
 slice time=    10.77
 slice time=    10.87
 slice time=    10.96
 slice time=    11.06
 slice time=    11.26
 slice time=    11.35
 slice time=    11.45
 slice time=    11.55
 slice time=    11.65
 slice time=    11.84
 slice time=    11.94
 slice time=    12.03
 slice time=    12.20
 slice time=    12.29
 slice time=    12.37
 slice time=    12.55
 slice time=    12.63
 slice time=    12.80
 slice time=    12.90
 slice time=    13.00
 slice time=    13.09
 slice time=    13.29
 slice time=    13.39
 slice time=    13.50
 slice time=    13.60
 slice time=    13.71
 slice time=    13.81
 slice time=    14.02
 slice time=    14.13
 slice time=    14.23
 slice time=    14.34
 slice time=    14.44
 slice time=    14.55
 slice time=    14.65
 slice time=    14.86
 slice time=    14.97
 slice time=    15.06
 slice time=    15.15
 slice time=    15.24
 slice time=    15.43
 slice time=    15.52
 slice time=    15.61
 slice time=    15.80
 slice time=    15.89
 slice time=    15.98
 slice time=    16.17
 slice time=    16.26
 slice time=    16.35
 slice time=    16.45
 slice time=    16.63
 slice time=    16.73
 slice time=    16.82
 slice time=    17.00
 slice time=    17.10
 slice time=    17.19
 slice time=    17.28
 slice time=    17.47
 slice time=    17.56
 slice time=    17.65
 slice time=    17.84
 slice time=    17.94
 slice time=    18.04
 slice time=    18.14
 slice time=    18.24
 slice time=    18.45
 slice time=    18.55
 slice time=    18.65
 slice time=    18.75
 slice time=    18.86
 slice time=    19.06
 slice time=    19.16
 slice time=    19.26
 slice time=    19.37
 slice time=    19.47
 slice time=    19.57
 slice time=    19.77
 slice time=    19.88
 slice time=    19.98
 slice time=    20.08
 slice time=    20.18
 slice time=    20.28
 slice time=    20.49
 slice time=    20.59
 slice time=    20.69
 slice time=    20.78
 slice time=    20.96
 slice time=    21.05
 slice time=    21.14
 slice time=    21.32
 slice time=    21.41
 slice time=    21.51
 slice time=    21.69
 slice time=    21.78
 slice time=    21.87
 slice time=    22.05
 slice time=    22.14
 slice time=    22.23
 slice time=    22.41
 slice time=    22.50
 slice time=    22.59
 slice time=    22.68
 slice time=    22.86
 slice time=    22.95
 slice time=    23.04
 slice time=    23.22
 slice time=    23.31
 slice time=    23.41
 slice time=    23.59
 slice time=    23.68
 slice time=    23.77
 slice time=    23.95
 slice time=     0.00
 slice time=     0.23
 slice time=     0.46
 slice time=     0.68
 slice time=     0.91
 slice time=     1.14
 slice time=     1.37
 slice time=     1.60
 slice time=     1.83
 slice time=     2.05
 slice time=     2.28
 slice time=     2.51
 slice time=     2.70
 slice time=     2.90
 slice time=     3.07
 slice time=     3.24
 slice time=     3.39
 slice time=     3.53
 slice time=     3.67
 slice time=     3.81
 slice time=     3.94
 slice time=     4.08
 slice time=     4.20
 slice time=     4.32
 slice time=     4.44
 slice time=     4.56
 slice time=     4.69
 slice time=     4.81
 slice time=     4.93
 slice time=     5.13
 slice time=     5.23
 slice time=     5.33
 slice time=     5.43
 slice time=     5.53
 slice time=     5.72
 slice time=     5.82
 slice time=     5.92
 slice time=     6.03
 slice time=     6.14
 slice time=     6.25
 slice time=     6.36
 slice time=     6.58
 slice time=     6.69
 slice time=     6.80
 slice time=     6.91
 slice time=     7.02
 slice time=     7.13
 slice time=     7.25
 slice time=     7.37
 slice time=     7.49
 slice time=     7.61
 slice time=     7.74
 slice time=     7.86
 slice time=     7.98
 slice time=     8.10
 slice time=     8.22
 slice time=     8.34
 slice time=     8.46
 slice time=     8.57
 slice time=     8.68
 slice time=     8.78
 slice time=     8.89
 slice time=     9.00
 slice time=     9.22
 slice time=     9.33
 slice time=     9.44
 slice time=     9.54
 slice time=     9.65
 slice time=     9.76
 slice time=     9.87
 slice time=     9.98
 slice time=    10.09
 slice time=    10.28
 slice time=    10.38
 slice time=    10.48
 slice time=    10.57
 slice time=    10.77
 slice time=    10.87
 slice time=    10.96
 slice time=    11.06
 slice time=    11.26
 slice time=    11.35
 slice time=    11.45
 slice time=    11.55
 slice time=    11.65
 slice time=    11.84
 slice time=    11.94
 slice time=    12.03
 slice time=    12.20
 slice time=    12.29
 slice time=    12.37
 slice time=    12.55
 slice time=    12.63
 slice time=    12.80
 slice time=    12.90
 slice time=    13.00
 slice time=    13.09
 slice time=    13.29
 slice time=    13.39
 slice time=    13.50
 slice time=    13.60
 slice time=    13.71
 slice time=    13.81
 slice time=    14.02
 slice time=    14.13
 slice time=    14.23
 slice time=    14.34
 slice time=    14.44
 slice time=    14.55
 slice time=    14.65
 slice time=    14.86
 slice time=    14.97
 slice time=    15.06
 slice time=    15.15
 slice time=    15.24
 slice time=    15.43
 slice time=    15.52
 slice time=    15.61
 slice time=    15.80
 slice time=    15.89
 slice time=    15.98
 slice time=    16.17
 slice time=    16.26
 slice time=    16.35
 slice time=    16.45
 slice time=    16.63
 slice time=    16.73
 slice time=    16.82
 slice time=    17.00
 slice time=    17.10
 slice time=    17.19
 slice time=    17.28
 slice time=    17.47
 slice time=    17.56
 slice time=    17.65
 slice time=    17.84
 slice time=    17.94
 slice time=    18.04
 slice time=    18.14
 slice time=    18.24
 slice time=    18.45
 slice time=    18.55
 slice time=    18.65
 slice time=    18.75
 slice time=    18.86
 slice time=    19.06
 slice time=    19.16
 slice time=    19.26
 slice time=    19.37
 slice time=    19.47
 slice time=    19.57
 slice time=    19.77
 slice time=    19.88
 slice time=    19.98
 slice time=    20.08
 slice time=    20.18
 slice time=    20.28
 slice time=    20.49
 slice time=    20.59
 slice time=    20.69
 slice time=    20.78
 slice time=    20.96
 slice time=    21.05
 slice time=    21.14
 slice time=    21.32
 slice time=    21.41
 slice time=    21.51
 slice time=    21.69
 slice time=    21.78
 slice time=    21.87
 slice time=    22.05
 slice time=    22.14
 slice time=    22.23
 slice time=    22.41
 slice time=    22.50
 slice time=    22.59
 slice time=    22.68
 slice time=    22.86
 slice time=    22.95
 slice time=    23.04
 slice time=    23.22
 slice time=    23.31
 slice time=    23.41
 slice time=    23.59
 slice time=    23.68
 slice time=    23.77
 slice time=    23.95
 slice time=    24.04
 slice time=    24.13
 slice time=    24.31
 slice time=    24.40
 slice time=    24.50
 slice time=    24.70
 slice time=    24.80
 slice time=    24.90
 slice time=    25.00
 slice time=    25.10
 slice time=    25.30
 slice time=    25.40
 slice time=    25.50
 slice time=    25.59
 slice time=    25.69
 slice time=    25.89
 slice time=    25.99
 slice time=    26.09
 slice time=    26.19
 slice time=    26.29
 slice time=    26.49
 slice time=    26.59
 slice time=    26.69
 slice time=    26.79
 slice time=    26.89
 slice time=    27.10
 slice time=    27.21
 slice time=    27.32
 slice time=    27.43
 slice time=    27.54
 slice time=    27.64
 slice time=    27.75
 slice time=    27.86
 slice time=    27.97
 slice time=    28.08
 slice time=    28.30
 slice time=    28.41
 slice time=    28.52
 slice time=    28.63
 slice time=    28.73
 slice time=    28.83
 slice time=    28.93
 slice time=    29.12
 slice time=    29.22
 slice time=    29.32
 slice time=    29.42
 slice time=    29.61
 slice time=    29.71
 slice time=    29.81
 slice time=    29.91
 slice time=    30.01
 slice time=    30.20
 slice time=    30.30
 slice time=    30.40
 slice time=    30.50
 slice time=    30.70
 slice time=    30.80
 slice time=    30.89
 slice time=    30.99
 slice time=    31.09
 slice time=    31.29
 slice time=    31.39
 slice time=    31.48
 slice time=    31.58
 slice time=    31.68
 slice time=    31.88
 slice time=    31.99
 slice time=    32.09

Smokeview 6.3.3 - Jan  5 2016

Version: 6.3.3
Smokeview (64 bit) Build: Git-r6-0-g9379bf1
Platform: OSX64
Build Date: Jan  5 2016
Smokeview path: /Applications/FDS/FDS6/bin/smokeview
Smokezip path: /Applications/FDS/FDS6/bin/smokezip
Texture directory path: /Applications/FDS/FDS6/bin/textures
Scratch directory: /tmp/

Initializing Glut
Glut initialization completed

Initializing OpenGL
   *** GPU smoke volume shader failed to load.
   *** GPU 3d slice shader failed to load.
   GPU shader initialization failed
OpenGL initialization completed

Processing object file:  /Applications/FDS/FDS6/bin/objects.svo
Object file processing complete

processing smokeview file: smoke_sensor.smv
   pass 1 started
   pass 1 completed
   pass 2 started
   pass 2 completed
   pass 3 started
     Loading surface textures
       Loading colorbar texture - completed
     Surface texture loading completed
   pass 3 completed
   pass 4 started
   pass 4 completed
smoke_sensor.smv processing completed

beginning wrap up 
  updating vector slices
    0 vector slices found
  vector slices update completed

  initializing blanking array
  blanking array initialization completed
initializing 3D smoke/hrrpuv blanking array - complete

  updating smoke3d menu labels
  update completed
wrap up completed

processing config file: /Applications/FDS/FDS6/bin/smokeview.ini
clipping off

Loading slice data: smoke_sensor_01.sf
 global min (slice file): 0.000000 node=(0,0,9)
 global max (slice file): 0.745144 node=(44,28,9)
computing slice color levels 
 0.8 MB loaded in 0.02 s - rate: 270.7 Mb/s (overhead: 0.03 s)

Loading slice data: smoke_sensor_01.sf
 global min (slice file): 0.000000 node=(0,0,9)
 global max (slice file): 0.745144 node=(44,28,9)
computing slice color levels 
 1.4 MB loaded in 0.04 s - rate: 310.9 Mb/s (overhead: 0.04 s)

Loading slice data: smoke_sensor_01.sf
 global min (slice file): 0.000000 node=(0,0,9)
 global max (slice file): 0.745144 node=(44,28,9)
computing slice color levels 
 1.9 MB loaded in 0.05 s - rate: 315.7 Mb/s (overhead: 0.05 s)

  updating smoke3d menu labels
  update completed
3D smoke/fire time=0.00 compression ratio: 337.9
3D smoke/fire time=0.23 compression ratio: 305.1
3D smoke/fire time=0.46 compression ratio: 305.1
3D smoke/fire time=0.68 compression ratio: 305.1
3D smoke/fire time=0.91 compression ratio: 303.1
3D smoke/fire time=1.14 compression ratio: 290.9
3D smoke/fire time=1.37 compression ratio: 287.4
3D smoke/fire time=1.60 compression ratio: 265.5
3D smoke/fire time=1.83 compression ratio: 242.9
3D smoke/fire time=2.05 compression ratio: 239.8
3D smoke/fire time=2.28 compression ratio: 229.9
3D smoke/fire time=2.51 compression ratio: 221.3
3D smoke/fire time=2.70 compression ratio: 205.3
3D smoke/fire time=2.90 compression ratio: 198.4
3D smoke/fire time=3.07 compression ratio: 190.4
3D smoke/fire time=3.24 compression ratio: 179.9
3D smoke/fire time=3.39 compression ratio: 170.7
3D smoke/fire time=3.53 compression ratio: 163.1
3D smoke/fire time=3.67 compression ratio: 159.5
3D smoke/fire time=3.81 compression ratio: 149.8
3D smoke/fire time=3.94 compression ratio: 147.0
3D smoke/fire time=4.08 compression ratio: 142.8
3D smoke/fire time=4.20 compression ratio: 137.8
3D smoke/fire time=4.32 compression ratio: 135.4
3D smoke/fire time=4.44 compression ratio: 131.3
3D smoke/fire time=4.56 compression ratio: 128.2
3D smoke/fire time=4.69 compression ratio: 125.2
3D smoke/fire time=4.81 compression ratio: 122.2
3D smoke/fire time=4.93 compression ratio: 120.8
3D smoke/fire time=5.13 compression ratio: 118.2
3D smoke/fire time=5.23 compression ratio: 117.2
3D smoke/fire time=5.33 compression ratio: 114.1
3D smoke/fire time=5.43 compression ratio: 112.3
3D smoke/fire time=5.53 compression ratio: 110.2
3D smoke/fire time=5.72 compression ratio: 107.1
3D smoke/fire time=5.82 compression ratio: 104.9
3D smoke/fire time=5.92 compression ratio: 102.9
3D smoke/fire time=6.03 compression ratio: 102.0
3D smoke/fire time=6.14 compression ratio: 99.9
3D smoke/fire time=6.25 compression ratio: 98.7
3D smoke/fire time=6.36 compression ratio: 97.6
3D smoke/fire time=6.58 compression ratio: 95.6
3D smoke/fire time=6.69 compression ratio: 93.6
3D smoke/fire time=6.80 compression ratio: 92.1
3D smoke/fire time=6.91 compression ratio: 91.4
3D smoke/fire time=7.02 compression ratio: 89.5
3D smoke/fire time=7.13 compression ratio: 88.6
3D smoke/fire time=7.25 compression ratio: 87.2
3D smoke/fire time=7.37 compression ratio: 85.7
3D smoke/fire time=7.49 compression ratio: 83.9
3D smoke/fire time=7.61 compression ratio: 82.7
3D smoke/fire time=7.74 compression ratio: 80.8
3D smoke/fire time=7.86 compression ratio: 80.2
3D smoke/fire time=7.98 compression ratio: 78.7
3D smoke/fire time=8.10 compression ratio: 78.0
3D smoke/fire time=8.22 compression ratio: 76.9
3D smoke/fire time=8.34 compression ratio: 76.1
3D smoke/fire time=8.46 compression ratio: 75.3
3D smoke/fire time=8.57 compression ratio: 74.7
3D smoke/fire time=8.68 compression ratio: 74.2
3D smoke/fire time=8.78 compression ratio: 73.1
3D smoke/fire time=8.89 compression ratio: 72.2
3D smoke/fire time=9.00 compression ratio: 72.4
3D smoke/fire time=9.22 compression ratio: 70.2
3D smoke/fire time=9.33 compression ratio: 69.5
3D smoke/fire time=9.44 compression ratio: 68.1
3D smoke/fire time=9.54 compression ratio: 67.4
3D smoke/fire time=9.65 compression ratio: 66.9
3D smoke/fire time=9.76 compression ratio: 66.1
3D smoke/fire time=9.87 compression ratio: 65.1
3D smoke/fire time=9.98 compression ratio: 64.5
3D smoke/fire time=10.09 compression ratio: 64.2
3D smoke/fire time=10.28 compression ratio: 63.2
3D smoke/fire time=10.38 compression ratio: 63.0
3D smoke/fire time=10.48 compression ratio: 62.6
3D smoke/fire time=10.57 compression ratio: 61.9
3D smoke/fire time=10.77 compression ratio: 60.8
3D smoke/fire time=10.87 compression ratio: 60.0
3D smoke/fire time=10.96 compression ratio: 59.7
3D smoke/fire time=11.06 compression ratio: 59.4
3D smoke/fire time=11.26 compression ratio: 58.7
3D smoke/fire time=11.35 compression ratio: 58.5
3D smoke/fire time=11.45 compression ratio: 58.0
3D smoke/fire time=11.55 compression ratio: 57.6
3D smoke/fire time=11.65 compression ratio: 57.3
3D smoke/fire time=11.84 compression ratio: 56.5
3D smoke/fire time=11.94 compression ratio: 56.4
3D smoke/fire time=12.03 compression ratio: 56.0
3D smoke/fire time=12.20 compression ratio: 55.2
3D smoke/fire time=12.29 compression ratio: 54.8
3D smoke/fire time=12.37 compression ratio: 54.4
3D smoke/fire time=12.55 compression ratio: 53.8
3D smoke/fire time=12.63 compression ratio: 53.5
3D smoke/fire time=12.80 compression ratio: 53.0
3D smoke/fire time=12.90 compression ratio: 52.8
3D smoke/fire time=13.00 compression ratio: 52.6
3D smoke/fire time=13.09 compression ratio: 52.4
3D smoke/fire time=13.29 compression ratio: 51.7
3D smoke/fire time=13.39 compression ratio: 51.6
3D smoke/fire time=13.50 compression ratio: 51.4
3D smoke/fire time=13.60 compression ratio: 51.1
3D smoke/fire time=13.71 compression ratio: 51.0
3D smoke/fire time=13.81 compression ratio: 50.8
3D smoke/fire time=14.02 compression ratio: 50.0
3D smoke/fire time=14.13 compression ratio: 49.8
3D smoke/fire time=14.23 compression ratio: 49.6
3D smoke/fire time=14.34 compression ratio: 49.6
3D smoke/fire time=14.44 compression ratio: 49.2
3D smoke/fire time=14.55 compression ratio: 49.0
3D smoke/fire time=14.65 compression ratio: 48.7
3D smoke/fire time=14.86 compression ratio: 48.4
3D smoke/fire time=14.97 compression ratio: 47.8
3D smoke/fire time=15.06 compression ratio: 47.6
3D smoke/fire time=15.15 compression ratio: 47.4
3D smoke/fire time=15.24 compression ratio: 47.4
3D smoke/fire time=15.43 compression ratio: 47.2
3D smoke/fire time=15.52 compression ratio: 47.0
3D smoke/fire time=15.61 compression ratio: 46.8
3D smoke/fire time=15.80 compression ratio: 46.6
3D smoke/fire time=15.89 compression ratio: 46.3
3D smoke/fire time=15.98 compression ratio: 46.6
3D smoke/fire time=16.17 compression ratio: 46.4
3D smoke/fire time=16.26 compression ratio: 46.0
3D smoke/fire time=16.35 compression ratio: 45.7
3D smoke/fire time=16.45 compression ratio: 45.6
3D smoke/fire time=16.63 compression ratio: 45.5
3D smoke/fire time=16.73 compression ratio: 45.4
3D smoke/fire time=16.82 compression ratio: 45.0
3D smoke/fire time=17.00 compression ratio: 44.6
3D smoke/fire time=17.10 compression ratio: 44.3
3D smoke/fire time=17.19 compression ratio: 44.3
3D smoke/fire time=17.28 compression ratio: 44.3
3D smoke/fire time=17.47 compression ratio: 43.9
3D smoke/fire time=17.56 compression ratio: 43.7
3D smoke/fire time=17.65 compression ratio: 43.5
3D smoke/fire time=17.84 compression ratio: 43.1
3D smoke/fire time=17.94 compression ratio: 42.8
3D smoke/fire time=18.04 compression ratio: 42.6
3D smoke/fire time=18.14 compression ratio: 42.4
3D smoke/fire time=18.24 compression ratio: 42.3
3D smoke/fire time=18.45 compression ratio: 42.2
3D smoke/fire time=18.55 compression ratio: 42.2
3D smoke/fire time=18.65 compression ratio: 42.0
3D smoke/fire time=18.75 compression ratio: 41.9
3D smoke/fire time=18.86 compression ratio: 41.7
3D smoke/fire time=19.06 compression ratio: 41.6
3D smoke/fire time=19.16 compression ratio: 41.7
3D smoke/fire time=19.26 compression ratio: 41.5
3D smoke/fire time=19.37 compression ratio: 41.4
3D smoke/fire time=19.47 compression ratio: 41.1
3D smoke/fire time=19.57 compression ratio: 40.9
3D smoke/fire time=19.77 compression ratio: 40.6
3D smoke/fire time=19.88 compression ratio: 40.3
3D smoke/fire time=19.98 compression ratio: 40.2
3D smoke/fire time=20.08 compression ratio: 40.1
3D smoke/fire time=20.18 compression ratio: 40.0
3D smoke/fire time=20.28 compression ratio: 39.9
3D smoke/fire time=20.49 compression ratio: 39.8
3D smoke/fire time=20.59 compression ratio: 39.6
3D smoke/fire time=20.69 compression ratio: 39.5
3D smoke/fire time=20.78 compression ratio: 39.4
3D smoke/fire time=20.96 compression ratio: 39.4
3D smoke/fire time=21.05 compression ratio: 39.3
3D smoke/fire time=21.14 compression ratio: 39.3
3D smoke/fire time=21.32 compression ratio: 38.9
3D smoke/fire time=21.41 compression ratio: 38.7
3D smoke/fire time=21.51 compression ratio: 38.6
3D smoke/fire time=21.69 compression ratio: 38.5
3D smoke/fire time=21.78 compression ratio: 38.3
3D smoke/fire time=21.87 compression ratio: 38.2
3D smoke/fire time=22.05 compression ratio: 38.0
3D smoke/fire time=22.14 compression ratio: 38.1
3D smoke/fire time=22.23 compression ratio: 38.0
3D smoke/fire time=22.41 compression ratio: 38.0
3D smoke/fire time=22.50 compression ratio: 37.9
3D smoke/fire time=22.59 compression ratio: 37.8
3D smoke/fire time=22.68 compression ratio: 37.6
3D smoke/fire time=22.86 compression ratio: 37.7
3D smoke/fire time=22.95 compression ratio: 37.6
3D smoke/fire time=23.04 compression ratio: 37.5
3D smoke/fire time=23.22 compression ratio: 37.4
3D smoke/fire time=23.31 compression ratio: 37.2
3D smoke/fire time=23.41 compression ratio: 37.1
3D smoke/fire time=23.59 compression ratio: 36.8
3D smoke/fire time=23.68 compression ratio: 36.7
3D smoke/fire time=23.77 compression ratio: 36.6
3D smoke/fire time=23.95 compression ratio: 36.5
3D smoke/fire time=24.04 compression ratio: 36.5
3D smoke/fire time=24.13 compression ratio: 36.3
3D smoke/fire time=24.31 compression ratio: 36.1
3D smoke/fire time=24.40 compression ratio: 36.0
3D smoke/fire time=24.50 compression ratio: 35.9
3D smoke/fire time=24.70 compression ratio: 35.8
3D smoke/fire time=24.80 compression ratio: 35.8
3D smoke/fire time=24.90 compression ratio: 35.9
3D smoke/fire time=25.00 compression ratio: 35.7
3D smoke/fire time=25.10 compression ratio: 35.6
3D smoke/fire time=25.30 compression ratio: 35.4
3D smoke/fire time=25.40 compression ratio: 35.4
3D smoke/fire time=25.50 compression ratio: 35.4
3D smoke/fire time=25.59 compression ratio: 35.4
3D smoke/fire time=25.69 compression ratio: 35.4
3D smoke/fire time=25.89 compression ratio: 35.2
3D smoke/fire time=25.99 compression ratio: 35.2
3D smoke/fire time=26.09 compression ratio: 35.0
3D smoke/fire time=26.19 compression ratio: 34.8
3D smoke/fire time=26.29 compression ratio: 34.8
3D smoke/fire time=26.49 compression ratio: 34.6
3D smoke/fire time=26.59 compression ratio: 34.6
3D smoke/fire time=26.69 compression ratio: 34.5
3D smoke/fire time=26.79 compression ratio: 34.5
3D smoke/fire time=26.89 compression ratio: 34.4
3D smoke/fire time=27.10 compression ratio: 34.3
3D smoke/fire time=27.21 compression ratio: 34.3
3D smoke/fire time=27.32 compression ratio: 34.1
3D smoke/fire time=27.43 compression ratio: 34.0
3D smoke/fire time=27.54 compression ratio: 33.9
3D smoke/fire time=27.64 compression ratio: 33.8
3D smoke/fire time=27.75 compression ratio: 33.6
3D smoke/fire time=27.86 compression ratio: 33.6
3D smoke/fire time=27.97 compression ratio: 33.6
3D smoke/fire time=28.08 compression ratio: 33.5
3D smoke/fire time=28.30 compression ratio: 33.5
3D smoke/fire time=28.41 compression ratio: 33.5
3D smoke/fire time=28.52 compression ratio: 33.3
3D smoke/fire time=28.63 compression ratio: 33.2
3D smoke/fire time=28.73 compression ratio: 33.2
3D smoke/fire time=28.83 compression ratio: 33.0
3D smoke/fire time=28.93 compression ratio: 32.9
3D smoke/fire time=29.12 compression ratio: 32.7
3D smoke/fire time=29.22 compression ratio: 32.5
3D smoke/fire time=29.32 compression ratio: 32.5
3D smoke/fire time=29.42 compression ratio: 32.4
3D smoke/fire time=29.61 compression ratio: 32.2
3D smoke/fire time=29.71 compression ratio: 32.3
3D smoke/fire time=29.81 compression ratio: 32.3
3D smoke/fire time=29.91 compression ratio: 32.3
3D smoke/fire time=30.01 compression ratio: 32.2
3D smoke/fire time=30.20 compression ratio: 31.9
3D smoke/fire time=30.30 compression ratio: 31.8
3D smoke/fire time=30.40 compression ratio: 31.9
3D smoke/fire time=30.50 compression ratio: 31.8
3D smoke/fire time=30.70 compression ratio: 31.7
3D smoke/fire time=30.80 compression ratio: 31.6
3D smoke/fire time=30.89 compression ratio: 31.4
3D smoke/fire time=30.99 compression ratio: 31.4
3D smoke/fire time=31.09 compression ratio: 31.2
3D smoke/fire time=31.29 compression ratio: 31.1
3D smoke/fire time=31.39 compression ratio: 31.0
3D smoke/fire time=31.48 compression ratio: 31.0
3D smoke/fire time=31.58 compression ratio: 31.0
3D smoke/fire time=31.68 compression ratio: 30.8
3D smoke/fire time=31.88 compression ratio: 30.6
3D smoke/fire time=31.99 compression ratio: 30.6
3D smoke/fire time=32.09 compression ratio: 30.5
3D smoke/fire time=32.20 compression ratio: 30.4
3D smoke/fire time=32.31 compression ratio: 30.5
3D smoke/fire time=32.42 compression ratio: 30.4
3D smoke/fire time=32.53 compression ratio: 30.3
3D smoke/fire time=32.74 compression ratio: 30.1
3D smoke/fire time=32.85 compression ratio: 30.0
3D smoke/fire time=32.96 compression ratio: 29.9
3D smoke/fire time=33.07 compression ratio: 29.7
3D smoke/fire time=33.18 compression ratio: 29.6
3D smoke/fire time=33.29 compression ratio: 29.6
3D smoke/fire time=33.39 compression ratio: 29.7
3D smoke/fire time=33.50 compression ratio: 29.6
3D smoke/fire time=33.61 compression ratio: 29.5
3D smoke/fire time=33.83 compression ratio: 29.3
3D smoke/fire time=33.94 compression ratio: 29.1
3D smoke/fire time=34.04 compression ratio: 29.1
3D smoke/fire time=34.15 compression ratio: 29.0
3D smoke/fire time=34.26 compression ratio: 28.8
3D smoke/fire time=34.37 compression ratio: 28.7
3D smoke/fire time=34.48 compression ratio: 28.5
3D smoke/fire time=34.59 compression ratio: 28.4
3D smoke/fire time=34.69 compression ratio: 28.3
3D smoke/fire time=34.80 compression ratio: 28.4
3D smoke/fire time=35.02 compression ratio: 28.1
3D smoke/fire time=35.13 compression ratio: 28.0
3D smoke/fire time=35.23 compression ratio: 27.9
3D smoke/fire time=35.34 compression ratio: 27.9
3D smoke/fire time=35.45 compression ratio: 27.9
3D smoke/fire time=35.56 compression ratio: 27.8
3D smoke/fire time=35.67 compression ratio: 27.7
3D smoke/fire time=35.78 compression ratio: 27.7
3D smoke/fire time=35.88 compression ratio: 27.6
3D smoke/fire time=36.10 compression ratio: 27.3
3D smoke/fire time=36.21 compression ratio: 27.2
3D smoke/fire time=36.32 compression ratio: 27.0
3D smoke/fire time=36.43 compression ratio: 26.9
3D smoke/fire time=36.53 compression rati slice time=     0.00
 slice time=     0.23
 slice time=     0.46
 slice time=     0.68
 slice time=     0.91
 slice time=     1.14
 slice time=     1.37
 slice time=     1.60
 slice time=     1.83
 slice time=     2.05
 slice time=     2.28
 slice time=     2.51
 slice time=     2.70
 slice time=     2.90
 slice time=     3.07
 slice time=     3.24
 slice time=     3.39
 slice time=     3.53
 slice time=     3.67
 slice time=     3.81
 slice time=     3.94
 slice time=     4.08
 slice time=     4.20
 slice time=     4.32
 slice time=     4.44
 slice time=     4.56
 slice time=     4.69
 slice time=     4.81
 slice time=     4.93
 slice time=     5.13
 slice time=     5.23
 slice time=     5.33
 slice time=     5.43
 slice time=     5.53
 slice time=     5.72
 slice time=     5.82
 slice time=     5.92
 slice time=     6.03
 slice time=     6.14
 slice time=     6.25
 slice time=     6.36
 slice time=     6.58
 slice time=     6.69
 slice time=     6.80
 slice time=     6.91
 slice time=     7.02
 slice time=     7.13
 slice time=     7.25
 slice time=     7.37
 slice time=     7.49
 slice time=     7.61
 slice time=     7.74
 slice time=     7.86
 slice time=     7.98
 slice time=     8.10
 slice time=     8.22
 slice time=     8.34
 slice time=     8.46
 slice time=     8.57
 slice time=     8.68
 slice time=     8.78
 slice time=     8.89
 slice time=     9.00
 slice time=     9.22
 slice time=     9.33
 slice time=     9.44
 slice time=     9.54
 slice time=     9.65
 slice time=     9.76
 slice time=     9.87
 slice time=     9.98
 slice time=    10.09
 slice time=    10.28
 slice time=    10.38
 slice time=    10.48
 slice time=    10.57
 slice time=    10.77
 slice time=    10.87
 slice time=    10.96
 slice time=    11.06
 slice time=    11.26
 slice time=    11.35
 slice time=    11.45
 slice time=    11.55
 slice time=    11.65
 slice time=    11.84
 slice time=    11.94
 slice time=    12.03
 slice time=    12.20
 slice time=    12.29
 slice time=    12.37
 slice time=    12.55
 slice time=    12.63
 slice time=    12.80
 slice time=    12.90
 slice time=    13.00
 slice time=    13.09
 slice time=    13.29
 slice time=    13.39
 slice time=    13.50
 slice time=    13.60
 slice time=    13.71
 slice time=    13.81
 slice time=    14.02
 slice time=    14.13
 slice time=    14.23
 slice time=    14.34
 slice time=    14.44
 slice time=    14.55
 slice time=    14.65
 slice time=    14.86
 slice time=    14.97
 slice time=    15.06
 slice time=    15.15
 slice time=    15.24
 slice time=    15.43
 slice time=    15.52
 slice time=    15.61
 slice time=    15.80
 slice time=    15.89
 slice time=    15.98
 slice time=    16.17
 slice time=    16.26
 slice time=    16.35
 slice time=    16.45
 slice time=    16.63
 slice time=    16.73
 slice time=    16.82
 slice time=    17.00
 slice time=    17.10
 slice time=    17.19
 slice time=    17.28
 slice time=    17.47
 slice time=    17.56
 slice time=    17.65
 slice time=    17.84
 slice time=    17.94
 slice time=    18.04
 slice time=    18.14
 slice time=    18.24
 slice time=    18.45
 slice time=    18.55
 slice time=    18.65
 slice time=    18.75
 slice time=    18.86
 slice time=    19.06
 slice time=    19.16
 slice time=    19.26
 slice time=    19.37
 slice time=    19.47
 slice time=    19.57
 slice time=    19.77
 slice time=    19.88
 slice time=    19.98
 slice time=    20.08
 slice time=    20.18
 slice time=    20.28
 slice time=    20.49
 slice time=    20.59
 slice time=    20.69
 slice time=    20.78
 slice time=    20.96
 slice time=    21.05
 slice time=    21.14
 slice time=    21.32
 slice time=    21.41
 slice time=    21.51
 slice time=    21.69
 slice time=    21.78
 slice time=    21.87
 slice time=    22.05
 slice time=    22.14
 slice time=    22.23
 slice time=    22.41
 slice time=    22.50
 slice time=    22.59
 slice time=    22.68
 slice time=    22.86
 slice time=    22.95
 slice time=    23.04
 slice time=    23.22
 slice time=    23.31
 slice time=    23.41
 slice time=    23.59
 slice time=    23.68
 slice time=    23.77
 slice time=    23.95
 slice time=    24.04
 slice time=    24.13
 slice time=    24.31
 slice time=    24.40
 slice time=    24.50
 slice time=    24.70
 slice time=    24.80
 slice time=    24.90
 slice time=    25.00
 slice time=    25.10
 slice time=    25.30
 slice time=    25.40
 slice time=    25.50
 slice time=    25.59
 slice time=    25.69
 slice time=    25.89
 slice time=    25.99
 slice time=    26.09
 slice time=    26.19
 slice time=    26.29
 slice time=    26.49
 slice time=    26.59
 slice time=    26.69
 slice time=    26.79
 slice time=    26.89
 slice time=    27.10
 slice time=    27.21
 slice time=    27.32
 slice time=    27.43
 slice time=    27.54
 slice time=    27.64
 slice time=    27.75
 slice time=    27.86
 slice time=    27.97
 slice time=    28.08
 slice time=    28.30
 slice time=    28.41
 slice time=    28.52
 slice time=    28.63
 slice time=    28.73
 slice time=    28.83
 slice time=    28.93
 slice time=    29.12
 slice time=    29.22
 slice time=    29.32
 slice time=    29.42
 slice time=    29.61
 slice time=    29.71
 slice time=    29.81
 slice time=    29.91
 slice time=    30.01
 slice time=    30.20
 slice time=    30.30
 slice time=    30.40
 slice time=    30.50
 slice time=    30.70
 slice time=    30.80
 slice time=    30.89
 slice time=    30.99
 slice time=    31.09
 slice time=    31.29
 slice time=    31.39
 slice time=    31.48
 slice time=    31.58
 slice time=    31.68
 slice time=    31.88
 slice time=    31.99
 slice time=    32.09
 slice time=    32.20
 slice time=    32.31
 slice time=    32.42
 slice time=    32.53
 slice time=    32.74
 slice time=    32.85
 slice time=    32.96
 slice time=    33.07
 slice time=    33.18
 slice time=    33.29
 slice time=    33.39
 slice time=    33.50
 slice time=    33.61
 slice time=    33.83
 slice time=    33.94
 slice time=    34.04
 slice time=    34.15
 slice time=    34.26
 slice time=    34.37
 slice time=    34.48
 slice time=    34.59
 slice time=    34.69
 slice time=    34.80
 slice time=    35.02
 slice time=    35.13
 slice time=    35.23
 slice time=    35.34
 slice time=    35.45
 slice time=    35.56
 slice time=    35.67
 slice time=    35.78
 slice time=    35.88
 slice time=    36.10
 slice time=    36.21
 slice time=    36.32
 slice time=    36.43
 slice time=    36.53
 slice time=    36.64
 slice time=    36.75
 slice time=    36.86
 slice time=    36.97
 slice time=    37.18
 slice time=    37.29
 slice time=    37.40
 slice time=    37.51
 slice time=    37.62
 slice time=    37.73
 slice time=    37.83
 slice time=    37.94
 slice time=    38.05
 slice time=    38.27
 slice time=    38.37
 slice time=    38.48
 slice time=    38.59
 slice time=    38.70
 slice time=    38.81
 slice time=    38.92
 slice time=    39.02
 slice time=    39.13
 slice time=    39.24
 slice time=    39.46
 slice time=    39.57
 slice time=    39.67
 slice time=    39.78
 slice time=    39.89
 slice time=    40.00
 slice time=    40.11
 slice time=    40.22
 slice time=    40.32
 slice time=    40.54
 slice time=    40.65
 slice time=    40.76
 slice time=    40.87
 slice time=    40.97
 slice time=    41.08
 slice time=    41.19
 slice time=    41.30
 slice time=    41.41
 slice time=    41.62
 slice time=    41.73
 slice time=    41.84
 slice time=    41.95
 slice time=    42.06
 slice time=    42.16
 slice time=    42.28
 slice time=    42.40
 slice time=    42.52
 slice time=    42.64
 slice time=    42.76
 slice time=    42.88
 slice time=    43.00
 slice time=    43.12
 slice time=    43.24
 slice time=    43.36
 slice time=    43.47
 slice time=    43.59
 slice time=    43.71
 slice time=    43.83
 slice time=    43.95
 slice time=    44.07
 slice time=    44.19
 slice time=    44.31
 slice time=    44.43
 slice time=    44.55
 slice time=    44.67
 slice time=    44.78
 slice time=    44.90
 slice time=    45.02
 slice time=    45.14
 slice time=    45.26
 slice time=    45.38
 slice time=    45.50
 slice time=    45.62
 slice time=    45.74
 slice time=    45.86
 slice time=    45.98
 slice time=    46.09
 slice time=    46.21
 slice time=    46.33
 slice time=    46.45
 slice time=    46.57
 slice time=    46.69
 slice time=    46.81
 slice time=    46.94
 slice time=    47.07
 slice time=    47.20
 slice time=    47.33
 slice time=    47.45
 slice time=    47.56
 slice time=    47.67
 slice time=    47.79
 slice time=    47.90
 slice time=    48.02
 slice time=    48.14
 slice time=    48.27
 slice time=    48.39
 slice time=    48.52
 slice time=    48.64
 slice time=    48.77
 slice time=    48.88
 slice time=    48.99
 slice time=    49.10
 slice time=    49.22
 slice time=    49.33
 slice time=    49.44
 slice time=    49.66
 slice time=    49.78
 slice time=    49.90
 slice time=    50.02
 slice time=    50.15
 slice time=    50.27
 slice time=    50.41
 slice time=    50.54
 slice time=    50.68
 slice time=    50.81
 slice time=    50.95
 slice time=    51.09
 slice time=    51.22
 slice time=    51.36
 slice time=    51.49
 slice time=    51.63
 slice time=    51.77
 slice time=    51.90
 slice time=    52.04
 slice time=    52.17
 slice time=    52.31
 slice time=    52.45
 slice time=    52.58
 slice time=    52.72
 slice time=    52.85
 slice time=    52.99
 slice time=    53.12
 slice time=    53.26
 slice time=    53.40
 slice time=    53.53
 slice time=    53.67
 slice time=    53.80
 slice time=    53.94
 slice time=    54.08
 slice time=    54.23
 slice time=    54.37
 slice time=    54.52
 slice time=    54.67
 slice time=    54.82
 slice time=    54.97
 slice time=    55.12
 slice time=    55.27
 slice time=    55.42
 slice time=    55.57
 slice time=    55.72
 slice time=    55.87
 slice time=    56.03
 slice time=    56.20
 slice time=    56.36
 slice time=    56.53
 slice time=    56.69
 slice time=    56.86
 slice time=    57.02
 slice time=    57.18
 slice time=    57.35
 slice time=    57.51
 slice time=    57.68
 slice time=    57.84
 slice time=    58.01
 slice time=    58.17
 slice time=    58.32
 slice time=    58.46
 slice time=    58.61
 slice time=    58.76
 slice time=    58.90
 slice time=    59.05
 slice time=    59.20
 slice time=    59.34
 slice time=    59.49
 slice time=    59.64
 slice time=    59.78
 slice time=    59.93
 slice time=    60.08
 slice time=    60.22
 slice time=    60.37
 slice time=    60.52
 slice time=    60.66
 slice time=    60.81
 slice time=    60.97
 slice time=    61.15
 slice time=    61.33
 slice time=    61.50
 slice time=    61.68
 slice time=    61.86
 slice time=    62.03
 slice time=    62.21
 slice time=    62.39
 slice time=    62.55
 slice time=    62.70
 slice time=    62.86
 slice time=    63.01
 slice time=    63.17
 slice time=    63.30
 slice time=    63.44
 slice time=    63.57
 slice time=    63.71
 slice time=    63.84
 slice time=    63.98
 slice time=    64.13
 slice time=    64.27
 slice time=    64.44
 slice time=    64.60
 slice time=    64.76
 slice time=    64.93
 slice time=    65.09
 slice time=    65.25
 slice time=    65.41
 slice time=    65.58
 slice time=    65.74
 slice time=    65.88
 slice time=    66.01
 slice time=    66.15
 slice time=    66.28
 slice time=    66.41
 slice time=    66.55
 slice time=    66.70
 slice time=    66.85
 slice time=    66.99
 slice time=    67.16
 slice time=    67.32
 slice time=    67.48
 slice time=    67.65
 slice time=    67.81
 slice time=    67.97
 slice time=    68.14
 slice time=    68.30
 slice time=    68.46
 slice time=    68.63
 slice time=    68.79
 slice time=    68.95
 slice time=    69.11
 slice time=    69.28
 slice time=    69.44
 slice time=    69.60
 slice time=    69.77
 slice time=    69.93
 slice time=    70.09
 slice time=    70.26
 slice time=    70.42
 slice time=    70.58
 slice time=    70.75
 slice time=    70.91
o: 26.7
3D smoke/fire time=36.64 compression ratio: 26.5
3D smoke/fire time=36.75 compression ratio: 26.5
3D smoke/fire time=36.86 compression ratio: 26.5
3D smoke/fire time=36.97 compression ratio: 26.5
3D smoke/fire time=37.18 compression ratio: 26.3
3D smoke/fire time=37.29 compression ratio: 26.3
3D smoke/fire time=37.40 compression ratio: 26.2
3D smoke/fire time=37.51 compression ratio: 26.1
3D smoke/fire time=37.62 compression ratio: 26.0
3D smoke/fire time=37.73 compression ratio: 26.1
3D smoke/fire time=37.83 compression ratio: 26.0
3D smoke/fire time=37.94 compression ratio: 25.9
3D smoke/fire time=38.05 compression ratio: 25.7
3D smoke/fire time=38.27 compression ratio: 25.7
3D smoke/fire time=38.37 compression ratio: 25.6
3D smoke/fire time=38.48 compression ratio: 25.6
3D smoke/fire time=38.59 compression ratio: 25.5
3D smoke/fire time=38.70 compression ratio: 25.3
3D smoke/fire time=38.81 compression ratio: 25.3
3D smoke/fire time=38.92 compression ratio: 25.3
3D smoke/fire time=39.02 compression ratio: 25.2
3D smoke/fire time=39.13 compression ratio: 25.1
3D smoke/fire time=39.24 compression ratio: 25.1
3D smoke/fire time=39.46 compression ratio: 24.9
3D smoke/fire time=39.57 compression ratio: 24.8
3D smoke/fire time=39.67 compression ratio: 24.8
3D smoke/fire time=39.78 compression ratio: 24.6
3D smoke/fire time=39.89 compression ratio: 24.6
3D smoke/fire time=40.00 compression ratio: 24.5
3D smoke/fire time=40.11 compression ratio: 24.5
3D smoke/fire time=40.22 compression ratio: 24.5
3D smoke/fire time=40.32 compression ratio: 24.4
3D smoke/fire time=40.54 compression ratio: 24.3
3D smoke/fire time=40.65 compression ratio: 24.3
3D smoke/fire time=40.76 compression ratio: 24.3
 0.8 MB loaded in 0.00 s - rate: 2024.8 Mb/s (overhead: 0.00 s)
initializing 3D smoke/hrrpuv blanking array - complete

Loading slice data: smoke_sensor_01.sf
 global min (slice file): 0.000000 node=(0,0,9)
 global max (slice file): 0.874786 node=(44,26,9)
computing slice color levels 
 3.9 MB loaded in 0.10 s - rate: 315.3 Mb/s (overhead: 0.12 s)
3D smoke/fire time=0.00 compression ratio: 337.9
3D smoke/fire time=0.23 compression ratio: 305.1
3D smoke/fire time=0.46 compression ratio: 305.1
3D smoke/fire time=0.68 compression ratio: 305.1
3D smoke/fire time=0.91 compression ratio: 303.1
3D smoke/fire time=1.14 compression ratio: 290.9
3D smoke/fire time=1.37 compression ratio: 287.4
3D smoke/fire time=1.60 compression ratio: 265.5
3D smoke/fire time=1.83 compression ratio: 242.9
3D smoke/fire time=2.05 compression ratio: 239.8
3D smoke/fire time=2.28 compression ratio: 229.9
3D smoke/fire time=2.51 compression ratio: 221.3
3D smoke/fire time=2.70 compression ratio: 205.3
3D smoke/fire time=2.90 compression ratio: 198.4
3D smoke/fire time=3.07 compression ratio: 190.4
3D smoke/fire time=3.24 compression ratio: 179.9
3D smoke/fire time=3.39 compression ratio: 170.7
3D smoke/fire time=3.53 compression ratio: 163.1
3D smoke/fire time=3.67 compression ratio: 159.5
3D smoke/fire time=3.81 compression ratio: 149.8
3D smoke/fire time=3.94 compression ratio: 147.0
3D smoke/fire time=4.08 compression ratio: 142.8
3D smoke/fire time=4.20 compression ratio: 137.8
3D smoke/fire time=4.32 compression ratio: 135.4
3D smoke/fire time=4.44 compression ratio: 131.3
3D smoke/fire time=4.56 compression ratio: 128.2
3D smoke/fire time=4.69 compression ratio: 125.2
3D smoke/fire time=4.81 compression ratio: 122.2
3D smoke/fire time=4.93 compression ratio: 120.8
3D smoke/fire time=5.13 compression ratio: 118.2
3D smoke/fire time=5.23 compression ratio: 117.2
3D smoke/fire time=5.33 compression ratio: 114.1
3D smoke/fire time=5.43 compression ratio: 112.3
3D smoke/fire time=5.53 compression ratio: 110.2
3D smoke/fire time=5.72 compression ratio: 107.1
3D smoke/fire time=5.82 compression ratio: 104.9
3D smoke/fire time=5.92 compression ratio: 102.9
3D smoke/fire time=6.03 compression ratio: 102.0
3D smoke/fire time=6.14 compression ratio: 99.9
3D smoke/fire time=6.25 compression ratio: 98.7
3D smoke/fire time=6.36 compression ratio: 97.6
3D smoke/fire time=6.58 compression ratio: 95.6
3D smoke/fire time=6.69 compression ratio: 93.6
3D smoke/fire time=6.80 compression ratio: 92.1
3D smoke/fire time=6.91 compression ratio: 91.4
3D smoke/fire time=7.02 compression ratio: 89.5
3D smoke/fire time=7.13 compression ratio: 88.6
3D smoke/fire time=7.25 compression ratio: 87.2
3D smoke/fire time=7.37 compression ratio: 85.7
3D smoke/fire time=7.49 compression ratio: 83.9
3D smoke/fire time=7.61 compression ratio: 82.7
3D smoke/fire time=7.74 compression ratio: 80.8
3D smoke/fire time=7.86 compression ratio: 80.2
3D smoke/fire time=7.98 compression ratio: 78.7
3D smoke/fire time=8.10 compression ratio: 78.0
3D smoke/fire time=8.22 compression ratio: 76.9
3D smoke/fire time=8.34 compression ratio: 76.1
3D smoke/fire time=8.46 compression ratio: 75.3
3D smoke/fire time=8.57 compression ratio: 74.7
3D smoke/fire time=8.68 compression ratio: 74.2
3D smoke/fire time=8.78 compression ratio: 73.1
3D smoke/fire time=8.89 compression ratio: 72.2
3D smoke/fire time=9.00 compression ratio: 72.4
3D smoke/fire time=9.22 compression ratio: 70.2
3D smoke/fire time=9.33 compression ratio: 69.5
3D smoke/fire time=9.44 compression ratio: 68.1
3D smoke/fire time=9.54 compression ratio: 67.4
3D smoke/fire time=9.65 compression ratio: 66.9
3D smoke/fire time=9.76 compression ratio: 66.1
3D smoke/fire time=9.87 compression ratio: 65.1
3D smoke/fire time=9.98 compression ratio: 64.5
3D smoke/fire time=10.09 compression ratio: 64.2
3D smoke/fire time=10.28 compression ratio: 63.2
3D smoke/fire time=10.38 compression ratio: 63.0
3D smoke/fire time=10.48 compression ratio: 62.6
3D smoke/fire time=10.57 compression ratio: 61.9
3D smoke/fire time=10.77 compression ratio: 60.8
3D smoke/fire time=10.87 compression ratio: 60.0
3D smoke/fire time=10.96 compression ratio: 59.7
3D smoke/fire time=11.06 compression ratio: 59.4
3D smoke/fire time=11.26 compression ratio: 58.7
3D smoke/fire time=11.35 compression ratio: 58.5
3D smoke/fire time=11.45 compression ratio: 58.0
3D smoke/fire time=11.55 compression ratio: 57.6
3D smoke/fire time=11.65 compression ratio: 57.3
3D smoke/fire time=11.84 compression ratio: 56.5
3D smoke/fire time=11.94 compression ratio: 56.4
3D smoke/fire time=12.03 compression ratio: 56.0
3D smoke/fire time=12.20 compression ratio: 55.2
3D smoke/fire time=12.29 compression ratio: 54.8
3D smoke/fire time=12.37 compression ratio: 54.4
3D smoke/fire time=12.55 compression ratio: 53.8
3D smoke/fire time=12.63 compression ratio: 53.5
3D smoke/fire time=12.80 compression ratio: 53.0
3D smoke/fire time=12.90 compression ratio: 52.8
3D smoke/fire time=13.00 compression ratio: 52.6
3D smoke/fire time=13.09 compression ratio: 52.4
3D smoke/fire time=13.29 compression ratio: 51.7
3D smoke/fire time=13.39 compression ratio: 51.6
3D smoke/fire time=13.50 compression ratio: 51.4
3D smoke/fire time=13.60 compression ratio: 51.1
3D smoke/fire time=13.71 compression ratio: 51.0
3D smoke/fire time=13.81 compression ratio: 50.8
3D smoke/fire time=14.02 compression ratio: 50.0
3D smoke/fire time=14.13 compression ratio: 49.8
3D smoke/fire time=14.23 compression ratio: 49.6
3D smoke/fire time=14.34 compression ratio: 49.6
3D smoke/fire time=14.44 compression ratio: 49.2
3D smoke/fire time=14.55 compression ratio: 49.0
3D smoke/fire time=14.65 compression ratio: 48.7
3D smoke/fire time=14.86 compression ratio: 48.4
3D smoke/fire time=14.97 compression ratio: 47.8
3D smoke/fire time=15.06 compression ratio: 47.6
3D smoke/fire time=15.15 compression ratio: 47.4
3D smoke/fire time=15.24 compression ratio: 47.4
3D smoke/fire time=15.43 compression ratio: 47.2
3D smoke/fire time=15.52 compression ratio: 47.0
3D smoke/fire time=15.61 compression ratio: 46.8
3D smoke/fire time=15.80 compression ratio: 46.6
3D smoke/fire time=15.89 compression ratio: 46.3
3D smoke/fire time=15.98 compression ratio: 46.6
3D smoke/fire time=16.17 compression ratio: 46.4
3D smoke/fire time=16.26 compression ratio: 46.0
3D smoke/fire time=16.35 compression ratio: 45.7
3D smoke/fire time=16.45 compression ratio: 45.6
3D smoke/fire time=16.63 compression ratio: 45.5
3D smoke/fire time=16.73 compression ratio: 45.4
3D smoke/fire time=16.82 compression ratio: 45.0
3D smoke/fire time=17.00 compression ratio: 44.6
3D smoke/fire time=17.10 compression ratio: 44.3
3D smoke/fire time=17.19 compression ratio: 44.3
3D smoke/fire time=17.28 compression ratio: 44.3
3D smoke/fire time=17.47 compression ratio: 43.9
3D smoke/fire time=17.56 compression ratio: 43.7
3D smoke/fire time=17.65 compression ratio: 43.5
3D smoke/fire time=17.84 compression ratio: 43.1
3D smoke/fire time=17.94 compression ratio: 42.8
3D smoke/fire time=18.04 compression ratio: 42.6
3D smoke/fire time=18.14 compression ratio: 42.4
3D smoke/fire time=18.24 compression ratio: 42.3
3D smoke/fire time=18.45 compression ratio: 42.2
3D smoke/fire time=18.55 compression ratio: 42.2
3D smoke/fire time=18.65 compression ratio: 42.0
3D smoke/fire time=18.75 compression ratio: 41.9
3D smoke/fire time=18.86 compression ratio: 41.7
3D smoke/fire time=19.06 compression ratio: 41.6
3D smoke/fire time=19.16 compression ratio: 41.7
3D smoke/fire time=19.26 compression ratio: 41.5
3D smoke/fire time=19.37 compression ratio: 41.4
3D smoke/fire time=19.47 compression ratio: 41.1
3D smoke/fire time=19.57 compression ratio: 40.9
3D smoke/fire time=19.77 compression ratio: 40.6
3D smoke/fire time=19.88 compression ratio: 40.3
3D smoke/fire time=19.98 compression ratio: 40.2
3D smoke/fire time=20.08 compression ratio: 40.1
3D smoke/fire time=20.18 compression ratio: 40.0
3D smoke/fire time=20.28 compression ratio: 39.9
3D smoke/fire time=20.49 compression ratio: 39.8
3D smoke/fire time=20.59 compression ratio: 39.6
3D smoke/fire time=20.69 compression ratio: 39.5
3D smoke/fire time=20.78 compression ratio: 39.4
3D smoke/fire time=20.96 compression ratio: 39.4
3D smoke/fire time=21.05 compression ratio: 39.3
3D smoke/fire time=21.14 compression ratio: 39.3
3D smoke/fire time=21.32 compression ratio: 38.9
3D smoke/fire time=21.41 compression ratio: 38.7
3D smoke/fire time=21.51 compression ratio: 38.6
3D smoke/fire time=21.69 compression ratio: 38.5
3D smoke/fire time=21.78 compression ratio: 38.3
3D smoke/fire time=21.87 compression ratio: 38.2
3D smoke/fire time=22.05 compression ratio: 38.0
3D smoke/fire time=22.14 compression ratio: 38.1
3D smoke/fire time=22.23 compression ratio: 38.0
3D smoke/fire time=22.41 compression ratio: 38.0
3D smoke/fire time=22.50 compression ratio: 37.9
3D smoke/fire time=22.59 compression ratio: 37.8
3D smoke/fire time=22.68 compression ratio: 37.6
3D smoke/fire time=22.86 compression ratio: 37.7
3D smoke/fire time=22.95 compression ratio: 37.6
3D smoke/fire time=23.04 compression ratio: 37.5
3D smoke/fire time=23.22 compression ratio: 37.4
3D smoke/fire time=23.31 compression ratio: 37.2
3D smoke/fire time=23.41 compression ratio: 37.1
3D smoke/fire time=23.59 compression ratio: 36.8
3D smoke/fire time=23.68 compression ratio: 36.7
3D smoke/fire time=23.77 compression ratio: 36.6
3D smoke/fire time=23.95 compression ratio: 36.5
3D smoke/fire time=24.04 compression ratio: 36.5
3D smoke/fire time=24.13 compression ratio: 36.3
3D smoke/fire time=24.31 compression ratio: 36.1
3D smoke/fire time=24.40 compression ratio: 36.0
3D smoke/fire time=24.50 compression ratio: 35.9
3D smoke/fire time=24.70 compression ratio: 35.8
3D smoke/fire time=24.80 compression ratio: 35.8
3D smoke/fire time=24.90 compression ratio: 35.9
3D smoke/fire time=25.00 compression ratio: 35.7
3D smoke/fire time=25.10 compression ratio: 35.6
3D smoke/fire time=25.30 compression ratio: 35.4
3D smoke/fire time=25.40 compression ratio: 35.4
3D smoke/fire time=25.50 compression ratio: 35.4
3D smoke/fire time=25.59 compression ratio: 35.4
3D smoke/fire time=25.69 compression ratio: 35.4
3D smoke/fire time=25.89 compression ratio: 35.2
3D smoke/fire time=25.99 compression ratio: 35.2
3D smoke/fire time=26.09 compression ratio: 35.0
3D smoke/fire time=26.19 compression ratio: 34.8
3D smoke/fire time=26.29 compression ratio: 34.8
3D smoke/fire time=26.49 compression ratio: 34.6
3D smoke/fire time=26.59 compression ratio: 34.6
3D smoke/fire time=26.69 compression ratio: 34.5
3D smoke/fire time=26.79 compression ratio: 34.5
3D smoke/fire time=26.89 compression ratio: 34.4
3D smoke/fire time=27.10 compression ratio: 34.3
3D smoke/fire time=27.21 compression ratio: 34.3
3D smoke/fire time=27.32 compression ratio: 34.1
3D smoke/fire time=27.43 compression ratio: 34.0
3D smoke/fire time=27.54 compression ratio: 33.9
3D smoke/fire time=27.64 compression ratio: 33.8
3D smoke/fire time=27.75 compression ratio: 33.6
3D smoke/fire time=27.86 compression ratio: 33.6
3D smoke/fire time=27.97 compression ratio: 33.6
3D smoke/fire time=28.08 compression ratio: 33.5
3D smoke/fire time=28.30 compression ratio: 33.5
3D smoke/fire time=28.41 compression ratio: 33.5
3D smoke/fire time=28.52 compression ratio: 33.3
3D smoke/fire time=28.63 compression ratio: 33.2
3D smoke/fire time=28.73 compression ratio: 33.2
3D smoke/fire time=28.83 compression ratio: 33.0
3D smoke/fire time=28.93 compression ratio: 32.9
3D smoke/fire time=29.12 compression ratio: 32.7
3D smoke/fire time=29.22 compression ratio: 32.5
3D smoke/fire time=29.32 compression ratio: 32.5
3D smoke/fire time=29.42 compression ratio: 32.4
3D smoke/fire time=29.61 compression ratio: 32.2
3D smoke/fire time=29.71 compression ratio: 32.3
3D smoke/fire time=29.81 compression ratio: 32.3
3D smoke/fire time=29.91 compression ratio: 32.3
3D smoke/fire time=30.01 compression ratio: 32.2
3D smoke/fire time=30.20 compression ratio: 31.9
3D smoke/fire time=30.30 compression ratio: 31.8
3D smoke/fire time=30.40 compression ratio: 31.9
3D smoke/fire time=30.50 compression ratio: 31.8
3D smoke/fire time=30.70 compression ratio: 31.7
3D smoke/fire time=30.80 compression ratio: 31.6
3D smoke/fire time=30.89 compression ratio: 31.4
3D smoke/fire time=30.99 compression ratio: 31.4
3D smoke/fire time=31.09 compression ratio: 31.2
3D smoke/fire time=31.29 compression ratio: 31.1
3D smoke/fire time=31.39 compression ratio: 31.0
3D smoke/fire time=31.48 compression ratio: 31.0
3D smoke/fire time=31.58 compression ratio: 31.0
3D smoke/fire time=31.68 compression ratio: 30.8
3D smoke/fire time=31.88 compression ratio: 30.6
3D smoke/fire time=31.99 compression ratio: 30.6
3D smoke/fire time=32.09 compression ratio: 30.5
3D smoke/fire time=32.20 compression ratio: 30.4
3D smoke/fire time=32.31 compression ratio: 30.5
3D smoke/fire time=32.42 compression ratio: 30.4
3D smoke/fire time=32.53 compression ratio: 30.3
3D smoke/fire time=32.74 compression ratio: 30.1
3D smoke/fire time=32.85 compression ratio: 30.0
3D smoke/fire time=32.96 compression ratio: 29.9
3D smoke/fire time=33.07 compression ratio: 29.7
3D smoke/fire time=33.18 compression ratio: 29.6
3D smoke/fire time=33.29 compression ratio: 29.6
3D smoke/fire time=33.39 compression ratio: 29.7
3D smoke/fire time=33.50 compression ratio: 29.6
3D smoke/fire time=33.61 compression ratio: 29.5
3D smoke/fire time=33.83 compression ratio: 29.3
3D smoke/fire time=33.94 compression ratio: 29.1
3D smoke/fire time=34.04 compression ratio: 29.1
3D smoke/fire time=34.15 compression ratio: 29.0
3D smoke/fire time=34.26 compression ratio: 28.8
3D smoke/fire time=34.37 compression ratio: 28.7
3D smoke/fire time=34.48 compression ratio: 28.5
3D smoke/fire time=34.59 compression ratio: 28.4
3D smoke/fire time=34.69 compression ratio: 28.3
3D smoke/fire time=34.80 compression ratio: 28.4
3D smoke/fire time=35.02 compression ratio: 28.1
3D smoke/fire time=35.13 compression ratio: 28.0
3D smoke/fire time=35.23 compression ratio: 27.9
3D smoke/fire time=35.34 compression ratio: 27.9
3D smoke/fire time=35.45 compression ratio: 27.9
3D smoke/fire time=35.56 compression ratio: 27.8
3D smoke/fire time=35.67 compression ratio: 27.7
3D smoke/fire time=35.78 compression ratio: 27.7
3D smoke/fire time=35.88 compression ratio: 27.6
3D smoke/fire time=36.10 compression ratio: 27.3
3D smoke/fire time=36.21 compression ratio: 27.2
3D smoke/fire time=36.32 compression ratio: 27.0
3D smoke/fire time=36.43 compression ratio: 26.9
3D smoke/fire time=36.53 compression ratio: 26.7
3D smoke/fire time=36.64 compression ratio: 26.5
3D smoke/fire time=36.75 compression ratio: 26.5
3D smoke/fire time=36.86 compression ratio: 26.5
3D smoke/fire time=36.97 compression ratio: 26.5
3D smoke/fire time=37.18 compression ratio: 26.3
3D smoke/fire time=37.29 compression ratio: 26.3
3D smoke/fire time=37.40 compression ratio: 26.2
3D smoke/fire time=37.51 compression ratio: 26.1
3D smoke/fire time=37.62 compression ratio: 26.0
3D smoke/fire time=37.73 compression ratio: 26.1
3D smoke/fire time=37.83 compression ratio: 26.0
3D smoke/fire time=37.94 compression ratio: 25.9
3D smoke/fire time=38.05 compression ratio: 25.7
3D smoke/fire time=38.27 compression ratio: 25.7
3D smoke/fire time=38.37 compression ratio: 25.6
3D smoke/fire time=38.48 compression ratio: 25.6
3D smoke/fire time=38.59 compression ratio: 25.5
3D smoke/fire time=38.70 compression ratio: 25.3
3D smoke/fire time=38.81 compression ratio: 25.3
3D smoke/fire time=38.92 compression ratio: 25.3
3D smoke/fire time=39.02 compression ratio: 25.2
3D smoke/fire time=39.13 compression ratio: 25.1
3D smoke/fire time=39.24 compression ratio: 25.1
3D smoke/fire time=39.46 compression ratio: 24.9
3D smoke/fire time=39.57 compression ratio: 24.8
3D smoke/fire time=39.67 compression ratio: 24.8
3D smoke/fire time=39.78 compression ratio: 24.6
3D smoke/fire time=39.89 compression ratio: 24.6
3D smoke/fire time=40.00 compression ratio: 24.5
3D smoke/fire time=40.11 compression ratio: 24.5
3D smoke/fire time=40.22 compression ratio: 24.5
3D smoke/fire time=40.32 compression ratio: 24.4
3D smoke/fire time=40.54 compression ratio: 24.3
3D smoke/fire time=40.65 compression ratio: 24.3
3D smoke/fire time=40.76 compression ratio: 24.3
3D smoke/fire time=40.87 compression ratio: 24.2
3D smoke/fire time=40.97 compression ratio: 24.1
3D smoke/fire time=41.08 compression ratio: 24.0
3D smoke/fire time=41.19 compression ratio: 23.9
3D smoke/fire time=41.30 compression ratio: 23.9
3D smoke/fire time=41.41 compression ratio: 23.8
3D smoke/fire time=41.62 compression ratio: 23.7
3D smoke/fire time=41.73 compression ratio: 23.6
3D smoke/fire time=41.84 compression ratio: 23.5
3D smoke/fire time=41.95 compression ratio: 23.5
3D smoke/fire time=42.06 compression ratio: 23.4
3D smoke/fire time=42.16 compression ratio: 23.3
3D smoke/fire time=42.28 compression ratio: 23.2
3D smoke/fire time=42.40 compression ratio: 23.2
3D smoke/fire time=42.52 compression ratio: 23.2
3D smoke/fire time=42.64 compression ratio: 23.0
3D smoke/fire time=42.76 compression ratio: 23.0
3D smoke/fire time=42.88 compression ratio: 22.9
3D smoke/fire time=43.00 compression ratio: 22.9
3D smoke/fire time=43.12 compression ratio: 22.8
3D smoke/fire time=43.24 compression ratio: 22.7
3D smoke/fire time=43.36 compression ratio: 22.7
3D smoke/fire time=43.47 compression ratio: 22.6
3D smoke/fire time=43.59 compression ratio: 22.5
3D smoke/fire time=43.71 compression ratio: 22.4
3D smoke/fire time=43.83 compression ratio: 22.3
3D smoke/fire time=43.95 compression ratio: 22.3
3D smoke/fire time=44.07 compression ratio: 22.3
3D smoke/fire time=44.19 compression ratio: 22.2
3D smoke/fire time=44.31 compression ratio: 22.2
3D smoke/fire time=44.43 compression ratio: 22.2
3D smoke/fire time=44.55 compression ratio: 22.2
3D smoke/fire time=44.67 compression ratio: 22.1
3D smoke/fire time=44.78 compression ratio: 22.0
3D smoke/fire time=44.90 compression ratio: 21.9
3D smoke/fire time=45.02 compression ratio: 21.8
3D smoke/fire time=45.14 compression ratio: 21.8
3D smoke/fire time=45.26 compression ratio: 21.7
3D smoke/fire time=45.38 compression ratio: 21.7
3D smoke/fire time=45.50 compression ratio: 21.7
3D smoke/fire time=45.62 compression ratio: 21.7
3D smoke/fire time=45.74 compression ratio: 21.6
3D smoke/fire time=45.86 compression ratio: 21.6
3D smoke/fire time=45.98 compression ratio: 21.5
3D smoke/fire time=46.09 compression ratio: 21.3
3D smoke/fire time=46.21 compression ratio: 21.3
3D smoke/fire time=46.33 compression ratio: 21.3
3D smoke/fire time=46.45 compression ratio: 21.3
3D smoke/fire time=46.57 compression ratio: 21.1
3D smoke/fire time=46.69 compression ratio: 21.1
3D smoke/fire time=46.81 compression ratio: 21.1
3D smoke/fire time=46.94 compression ratio: 21.1
3D smoke/fire time=47.07 compression ratio: 21.1
3D smoke/fire time=47.20 compression ratio: 21.0
3D smoke/fire time=47.33 compression ratio: 21.0
3D smoke/fire time=47.45 compression ratio: 21.0
3D smoke/fire time=47.56 compression ratio: 20.9
3D smoke/fire time=47.67 compression ratio: 20.9
3D smoke/fire time=47.79 compression ratio: 20.8
3D smoke/fire time=47.90 compression ratio: 20.7
3D smoke/fire time=48.02 compression ratio: 20.7
3D smoke/fire time=48.14 compression ratio: 20.6
3D smoke/fire time=48.27 compression ratio: 20.5
3D smoke/fire time=48.39 compression ratio: 20.5
3D smoke/fire time=48.52 compression ratio: 20.4
3D smoke/fire time=48.64 compression ratio: 20.4
3D smoke/fire time=48.77 compression ratio: 20.4
3D smoke/fire time=48.88 compression ratio: 20.3
3D smoke/fire time=48.99 compression ratio: 20.2
3D smoke/fire time=49.10 compression ratio: 20.2
3D smoke/fire time=49.22 compression ratio: 20.2
3D smoke/fire time=49.33 compression ratio: 20.1
3D smoke/fire time=49.44 compression ratio: 20.1
3D smoke/fire time=49.66 compression ratio: 20.0
3D smoke/fire time=49.78 compression ratio: 20.0
3D smoke/fire time=49.90 compression ratio: 20.0
3D smoke/fire time=50.02 compression ratio: 19.9
3D smoke/fire time=50.15 compression ratio: 19.9
3D smoke/fire time=50.27 compression ratio: 19.8
3D smoke/fire time=50.41 compression ratio: 19.7
3D smoke/fire time=50.54 compression ratio: 19.7
3D smoke/fire time=50.68 compression ratio: 19.6
3D smoke/fire time=50.81 compression ratio: 19.6
3D smoke/fire time=50.95 compression ratio: 19.4
3D smoke/fire time=51.09 compression ratio: 19.4
3D smoke/fire time=51.22 compression ratio: 19.4
3D smoke/fire time=51.36 compression ratio: 19.3
3D smoke/fire time=51.49 compression ratio: 19.3
3D smoke/fire time=51.63 compression ratio: 19.3
3D smoke/fire time=51.77 compression ratio: 19.3
3D smoke/fire time=51.90 compression ratio: 19.3
3D smoke/fire time=52.04 compression ratio: 19.2
3D smoke/fire time=52.17 compression ratio: 19.2
3D smoke/fire time=52.31 compression ratio: 19.2
3D smoke/fire time=52.45 compression ratio: 19.1
3D smoke/fire time=52.58 compression ratio: 19.2
3D smoke/fire time=52.72 compression ratio: 19.2
3D smoke/fire time=52.85 compression ratio: 19.1
3D smoke/fire time=52.99 compression ratio: 19.0
3D smoke/fire time=53.12 compression ratio: 19.0
3D smoke/fire time=53.26 compression ratio: 18.9
3D smoke/fire time=53.40 compression ratio: 18.9
3D smoke/fire time=53.53 compression ratio: 18.8
3D smoke/fire time=53.67 compression ratio: 18.8
3D smoke/fire time=53.80 compression ratio: 18.8
3D smoke/fire time=53.94 compression ratio: 18.7
3D smoke/fire time=54.08 compression ratio: 18.6
3D smoke/fire time=54.23 compression ratio: 18.6
3D smoke/fire time=54.37 compression ratio: 18.5
3D smoke/fire time=54.52 compression ratio: 18.4
3D smoke/fire time=54.67 compression ratio: 18.4
3D smoke/fire time=54.82 compression ratio: 18.4
3D smoke/fire time=54.97 compression ratio: 18.3
3D smoke/fire time=55.12 compression ratio: 18.2
3D smoke/fire time=55.27 compression ratio: 18.2
3D smoke/fire time=55.42 compression ratio: 18.3
3D smoke/fire time=55.57 compression ratio: 18.3
3D smoke/fire time=55.72 compression ratio: 18.2
3D smoke/fire time=55.87 compression ratio: 18.1
3D smoke/fire time=56.03 compression ratio: 18.0
3D smoke/fire time=56.20 compression ratio: 18.0
3D smoke/fire time=56.36 compression ratio: 18.0
3D smoke/fire time=56.53 compression ratio: 17.9
3D smoke/fire time=56.69 compression ratio: 17.8
3D smoke/fire time=56.86 compression ratio: 17.7
3D smoke/fire time=57.02 compression ratio: 17.8
3D smoke/fire time=57.18 compression ratio: 17.8
3D smoke/fire time=57.35 compression ratio: 17.7
3D smoke/fire time=57.51 compression ratio: 17.6
3D smoke/fire time=57.68 compression ratio: 17.5
3D smoke/fire time=57.84 compression ratio: 17.5
3D smoke/fire time=58.01 compression ratio: 17.5
3D smoke/fire time=58.17 compression ratio: 17.5
3D smoke/fire time=58.32 compression ratio: 17.5
3D smoke/fire time=58.46 compression ratio: 17.5
3D smoke/fire time=58.61 compression ratio: 17.4
3D smoke/fire time=58.76 compression ratio: 17.4
3D smoke/fire time=58.90 compression ratio: 17.4
3D smoke/fire time=59.05 compression ratio: 17.4
3D smoke/fire time=59.20 compression ratio: 17.3
3D smoke/fire time=59.34 compression ratio: 17.2
3D smoke/fire time=59.49 compression ratio: 17.2
3D smoke/fire time=59.64 compression ratio: 17.1
3D smoke/fire time=59.78 compression ratio: 17.1
3D smoke/fire time=59.93 compression ratio: 17.1
3D smoke/fire time=60.08 compression ratio: 17.1
3D smoke/fire time=60.22 compression ratio: 17.0
3D smoke/fire time=60.37 compression ratio: 17.0
3D smoke/fire time=60.52 compression ratio: 17.0
3D smoke/fire time=60.66 compression ratio: 17.0
3D smoke/fire time=60.81 compression ratio: 17.0
3D smoke/fire time=60.97 compression ratio: 16.9
3D smoke/fire time=61.15 compression ratio: 16.8
3D smoke/fire time=61.33 compression ratio: 16.8
3D smoke/fire time=61.50 compression ratio: 16.7
3D smoke/fire time=61.68 compression ratio: 16.6
3D smoke/fire time=61.86 compression ratio: 16.6
3D smoke/fire time=62.03 compression ratio: 16.5
3D smoke/fire time=62.21 compression ratio: 16.5
3D smoke/fire time=62.39 compression ratio: 16.5
3D smoke/fire time=62.55 compression ratio: 16.4
3D smoke/fire time=62.70 compression ratio: 16.4
3D smoke/fire time=62.86 compression ratio: 16.3
3D smoke/fire time=63.01 compression ratio: 16.3
3D smoke/fire time=63.17 compression ratio: 16.2
3D smoke/fire time=63.30 compression ratio: 16.1
3D smoke/fire time=63.44 compression ratio: 16.1
3D smoke/fire time=63.57 compression ratio: 16.1
3D smoke/fire time=63.71 compression ratio: 16.1
3D smoke/fire time=63.84 compression ratio: 16.1
3D smoke/fire time=63.98 compression ratio: 16.1
3D smoke/fire time=64.13 compression ratio: 16.1
3D smoke/fire time=64.27 compression ratio: 16.1
3D smoke/fire time=64.44 compression ratio: 16.1
3D smoke/fire time=64.60 compression ratio: 16.1
3D smoke/fire time=64.76 compression ratio: 16.1
3D smoke/fire time=64.93 compression ratio: 16.0
3D smoke/fire time=65.09 compression ratio: 16.0
3D smoke/fire time=65.25 compression ratio: 16.0
3D smoke/fire time=65.41 compression ratio: 16.0
3D smoke/fire time=65.58 compression ratio: 16.0
3D smoke/fire time=65.74 compression ratio: 16.1
3D smoke/fire time=65.88 compression ratio: 16.1
3D smoke/fire time=66.01 compression ratio: 16.1
3D smoke/fire time=66.15 compression ratio: 16.1
3D smoke/fire time=66.28 compression ratio: 16.1
3D smoke/fire time=66.41 compression ratio: 16.1
3D smoke/fire time=66.55 compression ratio: 16.0
3D smoke/fire time=66.70 compression ratio: 15.9
3D smoke/fire time=66.85 compression ratio: 15.9
3D smoke/fire time=66.99 compression ratio: 15.8
3D smoke/fire time=67.16 compression ratio: 15.8
3D smoke/fire time=67.32 compression ratio: 15.8
3D smoke/fire time=67.48 compression ratio: 15.7
3D smoke/fire time=67.65 compression ratio: 15.6
3D smoke/fire time=67.81 compression ratio: 15.6
3D smoke/fire time=67.97 compression ratio: 15.6
3D smoke/fire time=68.14 compression ratio: 15.6
3D smoke/fire time=68.30 compression ratio: 15.5
3D smoke/fire time=68.46 compression ratio: 15.6
3D smoke/fire time=68.63 compression ratio: 15.5
3D smoke/fire time=68.79 compression ratio: 15.4
3D smoke/fire time=68.95 compression ratio: 15.4
3D smoke/fire time=69.11 compression ratio: 15.3
3D smoke/fire time=69.28 compression ratio: 15.3
3D smoke/fire time=69.44 compression ratio: 15.3
3D smoke/fire time=69.60 compression ratio: 15.3
3D smoke/fire time=69.77 compression ratio: 15.3
3D smoke/fire time=69.93 compression ratio: 15.3
3D smoke/fire time=70.09 compression ratio: 15.3
3D smoke/fire time=70.26 compression ratio: 15.2
3D smoke/fire time=70.42 compression ratio: 15.2
3D smoke/fire time=70.58 compression ratio: 15.2
3D smoke/fire time=70.75 compression ratio: 15.2
3D smoke/fire time=70.91 compression ratio: 15.1
3D smoke/fire time=71.07 compression ratio: 15.2
 1.9 MB loaded in 0.00 s 