 slice time=     0.00
 slice time=     0.20
 slice time=     0.41
 slice time=     0.61
 slice time=     0.82
 slice time=     1.02
 slice time=     1.23
 slice time=     1.43
 slice time=     1.64
 slice time=     1.79
 slice time=     1.91
 slice time=     2.02
 slice time=     2.13
 slice time=     2.24
 slice time=     2.34
 slice time=     2.44
 slice time=     2.52
 slice time=     2.70
 slice time=     2.77
 slice time=     2.92
 slice time=     3.06
 slice time=     3.12
 slice time=     3.25
 slice time=     3.38
 slice time=     3.51
 slice time=     3.64
 slice time=     3.74
 slice time=     3.87
 slice time=     4.00
 slice time=     4.09
 slice time=     4.23
 slice time=     4.35
 slice time=     4.47
 slice time=     4.60
 slice time=     4.71
 slice time=     4.83
 slice time=     4.94
 slice time=     5.05
 slice time=     5.16
 slice time=     5.29
 slice time=     5.41
 slice time=     5.53
 slice time=     5.65
 slice time=     5.78
 slice time=     5.90
 slice time=     6.02
 slice time=     6.14
 slice time=     6.26
 slice time=     6.39
 slice time=     6.51
 slice time=     6.63
 slice time=     6.75
 slice time=     6.88
 slice time=     7.00
 slice time=     7.12
 slice time=     7.24
 slice time=     7.36
 slice time=     7.49
 slice time=     7.61
 slice time=     7.73
 slice time=     7.85
 slice time=     7.97
 slice time=     8.10
 slice time=     8.22
 slice time=     8.28
 slice time=     8.40
 slice time=     8.52
 slice time=     8.65
 slice time=     8.77
 slice time=     8.89
 slice time=     9.01
 slice time=     9.14
 slice time=     9.26
 slice time=     9.38
 slice time=     9.50
 slice time=     9.62
 slice time=     9.75
 slice time=     9.87
 slice time=     9.99
 slice time=    10.11
 slice time=    10.24
 slice time=    10.36
 slice time=    10.48
 slice time=    10.60
 slice time=    10.72
 slice time=    10.85
 slice time=    10.97
 slice time=    11.09
 slice time=    11.21
 slice time=    11.34
 slice time=    11.46
 slice time=    11.58
 slice time=    11.64
 slice time=    11.76
 slice time=    11.89
 slice time=    12.01
 slice time=    12.13
 slice time=    12.25
 slice time=    12.37
 slice time=    12.50
 slice time=    12.62
 slice time=    12.74
 slice time=    12.86
 slice time=    12.99
 slice time=    13.11
 slice time=    13.23
 slice time=    13.35
 slice time=    13.47
 slice time=    13.60
 slice time=    13.72
 slice time=    13.84
 slice time=    13.96
 slice time=    14.09
 slice time=    14.21
 slice time=    14.33
 slice time=    14.45
 slice time=    14.57
 slice time=    14.70
 slice time=    14.82
 slice time=    14.88
 slice time=    15.00
 slice time=    15.12
 slice time=    15.25
 slice time=    15.37
 slice time=    15.49
 slice time=    15.61
 slice time=    15.74
 slice time=    15.86
 slice time=    15.98
 slice time=    16.10
 slice time=    16.22
 slice time=    16.35
 slice time=    16.47
 slice time=    16.59
 slice time=    16.71
 slice time=    16.84
 slice time=    16.96
 slice time=    17.08
 slice time=    17.20
 slice time=    17.32
 slice time=    17.45
 slice time=    17.57
 slice time=    17.69
 slice time=    17.81
 slice time=    17.94
 slice time=    18.06
 slice time=    18.18
 slice time=    18.24
 slice time=    18.36
 slice time=    18.49
 slice time=    18.61
 slice time=    18.73
 slice time=    18.85
 slice time=    18.97
 slice time=    19.10
 slice time=    19.22
 slice time=    19.34
 slice time=    19.46
 slice time=    19.59
 slice time=    19.71
 slice time=    19.83
 slice time=    19.95
 slice time=    20.07
 slice time=    20.20
 slice time=    20.32
 slice time=    20.44
 slice time=    20.56
 slice time=    20.69
 slice time=    20.81
 slice time=    20.93
 slice time=    21.05
 slice time=    21.17
 slice time=    21.30
 slice time=    21.42
 slice time=    21.54
 slice time=    21.60
 slice time=    21.72
 slice time=    21.85
 slice time=    21.97
 slice time=    22.09
 slice time=    22.21
 slice time=    22.34
 slice time=    22.46
 slice time=    22.58
 slice time=    22.70
 slice time=    22.82
 slice time=    22.93
 slice time=    23.09
 slice time=    23.20
 slice time=    23.31
 slice time=    23.42
 slice time=    23.53
 slice time=    23.64
 slice time=    23.81
 slice time=    23.92
 slice time=    24.03
 slice time=    24.14
 slice time=    24.25
 slice time=    24.41
 slice time=    24.52
 slice time=    24.63
 slice time=    24.74
 slice time=    24.85
 slice time=    24.96
 slice time=    25.13
 slice time=    25.24
 slice time=    25.35
 slice time=    25.46
 slice time=    25.57
 slice time=    25.73
 slice time=    25.84
 slice time=    25.95
 slice time=    26.06
 slice time=    26.17
 slice time=    26.33
 slice time=    26.44
 slice time=    26.55
 slice time=    26.66
 slice time=    26.77
 slice time=    26.88
 slice time=    27.05
 slice time=    27.16
 slice time=    27.27
 slice time=    27.38
 slice time=    27.49
 slice time=    27.65
 slice time=    27.76
 slice time=    27.87
 slice time=    27.98
 slice time=    28.09
 slice time=    28.20
 slice time=    28.37
 slice time=    28.48
 slice time=    28.59
 slice time=    28.70
 slice time=    28.81
 slice time=    28.97
 slice time=    29.08
 slice time=    29.19
 slice time=    29.30
 slice time=    29.41
 slice time=    29.52
 slice time=    29.68
 slice time=    29.78
 slice time=    29.93
 slice time=    30.03
 slice time=    30.13
 slice time=    30.27
 slice time=    30.37
 slice time=    30.52
 slice time=    30.62
 slice time=    30.77
 slice time=    30.87
 slice time=    30.97
 slice time=    31.11
 slice time=    31.21
 slice time=    31.36
 slice time=    31.46
 slice time=    31.61
 slice time=    31.71
 slice time=    31.81
 slice time=    31.95
 slice time=    32.05
 slice time=    32.20
 slice time=    32.30
 slice time=    32.45
 slice time=    32.55
 slice time=    32.65
 slice time=    32.79
 slice time=    32.89
 slice time=    33.04
 slice time=    33.14
 slice time=    33.29
 slice time=    33.39
 slice time=    33.49
 slice time=    33.64
 slice time=    33.73
 slice time=    33.88
 slice time=    33.98
 slice time=    34.08
 slice time=    34.23
 slice time=    34.33
 slice time=    34.47
 slice time=    34.60
 slice time=    34.69
 slice time=    34.82
 slice time=    34.95
 slice time=    35.04
 slice time=    35.18
 slice time=    35.31
 slice time=    35.44
 slice time=    35.53
 slice time=    35.66
 slice time=    35.80
 slice time=    35.89
 slice time=    36.02
 slice time=    36.15
 slice time=    36.24
 slice time=    36.37
 slice time=    36.51
 slice time=    36.64
 slice time=    36.73
 slice time=    36.86
 slice time=    37.00
 slice time=    37.08
 slice time=    37.22
 slice time=    37.35
 slice time=    37.48
 slice time=    37.57
 slice time=    37.71
 slice time=    37.84
 slice time=    37.93
 slice time=    38.06
 slice time=    38.19
 slice time=    38.28
 slice time=    38.42
 slice time=    38.55
 slice time=    38.68
 slice time=    38.77
 slice time=    38.90
 slice time=    39.04
 slice time=    39.13
 slice time=    39.26
 slice time=    39.39
 slice time=    39.48
 slice time=    39.61
 slice time=    39.75
 slice time=    39.88
 slice time=    39.97
 slice time=    40.10
 slice time=    40.24
 slice time=    40.33
 slice time=    40.46
 slice time=    40.59
 slice time=    40.68
 slice time=    40.81
 slice time=    40.95
 slice time=    41.08
 slice time=    41.17
 slice time=    41.30
 slice time=    41.43
 slice time=    41.52
 slice time=    41.66
 slice time=    41.79
 slice time=    41.92
 slice time=    42.01
 slice time=    42.14
 slice time=    42.28
 slice time=    42.37
 slice time=    42.50
 slice time=    42.63
 slice time=    42.73
 slice time=    42.87
 slice time=    42.97
 slice time=    43.13
 slice time=    43.23
 slice time=    43.34
 slice time=    43.45
 slice time=    43.61
 slice time=    43.72
 slice time=    43.83
 slice time=    43.93
 slice time=    44.09
 slice time=    44.20
 slice time=    44.31
 slice time=    44.42
 slice time=    44.52
 slice time=    44.68
 slice time=    44.79
 slice time=    44.90
 slice time=    45.01
 slice time=    45.16
 slice time=    45.25
 slice time=    45.40
 slice time=    45.49
 slice time=    45.64
 slice time=    45.73
 slice time=    45.88
 slice time=    45.98
 slice time=    46.12
 slice time=    46.22
 slice time=    46.36
 slice time=    46.46
 slice time=    46.60
 slice time=    46.68
 slice time=    46.81
 slice time=    46.94
 slice time=    47.07
 slice time=    47.20
 slice time=    47.29
 slice time=    47.42
 slice time=    47.55
 slice time=    47.68
 slice time=    47.77
 slice time=    47.90
 slice time=    48.03
 slice time=    48.16
 slice time=    48.25
 slice time=    48.39
 slice time=    48.49
 slice time=    48.63
 slice time=    48.74
 slice time=    48.84
 slice time=    49.00
 slice time=    49.10
 slice time=    49.21
 slice time=    49.36
 slice time=    49.47
 slice time=    49.57
 slice time=    49.73
 slice time=    49.84
 slice time=    49.94
 slice time=    50.05
 slice time=    50.19
 slice time=    50.28
 slice time=    50.42
 slice time=    50.56
 slice time=    50.66
 slice time=    50.79
 slice time=    50.92
 slice time=    51.04
 slice time=    51.13
 slice time=    51.25
 slice time=    51.38
 slice time=    51.51
 slice time=    51.63
 slice time=    51.76
 slice time=    51.84
 slice time=    51.97
 slice time=    52.10
 slice time=    52.22
 slice time=    52.35
 slice time=    52.48
 slice time=    52.56
 slice time=    52.69
 slice time=    52.82
 slice time=    52.94
 slice time=    53.08
 slice time=    53.17
 slice time=    53.31
 slice time=    53.41
 slice time=    53.55
 slice time=    53.68
 slice time=    53.78
 slice time=    53.92
 slice time=    54.01
 slice time=    54.15
 slice time=    54.24
 slice time=    54.38
 slice time=    54.52
 slice time=    54.61
 slice time=    54.75
 slice time=    54.85
 slice time=    54.99
 slice time=    55.12
 slice time=    55.22
 slice time=    55.36
 slice time=    55.45
 slice time=    55.59
 slice time=    55.68
 slice time=    55.82
 slice time=    55.96
 slice time=    56.05
 slice time=    56.19
 slice time=    56.29
 slice time=    56.43
 slice time=    56.55
 slice time=    56.68
 slice time=    56.80
 slice time=    56.88
 slice time=    57.01
 slice time=    57.13
 slice time=    57.26
 slice time=    57.39
 slice time=    57.51
 slice time=    57.64
 slice time=    57.76
 slice time=    57.84
 slice time=    57.97
 slice time=    58.10
 slice time=    58.22
 slice time=    58.35
 slice time=    58.47
 slice time=    58.60
 slice time=    58.72
 slice time=    58.80
 slice time=    58.93
 slice time=    59.06
 slice time=    59.18
 slice time=    59.31
 slice time=    59.43
 slice time=    59.56
 slice time=    59.64
 slice time=    59.77
 slice time=    59.89
 slice time=    60.02
 slice time=    60.14
 slice time=    60.27
 slice time=    60.39
 slice time=    60.52
 slice time=    60.60
 slice time=    60.73
 slice time=    60.85
 slice time=    60.98
 slice time=    61.10
 slice time=    61.23
 slice time=    61.35
 slice time=    61.48
 slice time=    61.56
 slice time=    61.69
 slice time=    61.81
 slice time=    61.94
 slice time=    62.06
 slice time=    62.19
 slice time=    62.31
 slice time=    62.44
 slice time=    62.52
 slice time=    62.65
 slice time=    62.77
 slice time=    62.90
 slice time=    63.02
 slice time=    63.15
 slice time=    63.27
 slice time=    63.40
 slice time=    63.48
 slice time=    63.61
 slice time=    63.73
 slice time=    63.86
 slice time=    63.98
 slice time=    64.11
 slice time=    64.23
 slice time=    64.36
 slice time=    64.44
 slice time=    64.57
 slice time=    64.69
 slice time=    64.82
 slice time=    64.94
 slice time=    65.07
 slice time=    65.19
 slice time=    65.32
 slice time=    65.40
 slice time=    65.53
 slice time=    65.65
 slice time=    65.78
 slice time=    65.90
 slice time=    66.03
 slice time=    66.16
 slice time=    66.25
 slice time=    66.39
 slice time=    66.48
 slice time=    66.62
 slice time=    66.76
 slice time=    66.85
 slice time=    66.99
 slice time=    67.08
 slice time=    67.22
 slice time=    67.36
 slice time=    67.45
 slice time=    67.59
 slice time=    67.72
 slice time=    67.82
 slice time=    67.95
 slice time=    68.04
 slice time=    68.18
 slice time=    68.32
 slice time=    68.41
 slice time=    68.55
 slice time=    68.64
 slice time=    68.78
 slice time=    68.92
 slice time=    69.01
 slice time=    69.15
 slice time=    69.28
 slice time=    69.38
 slice time=    69.51
 slice time=    69.61
 slice time=    69.74
 slice time=    69.88
 slice time=    69.97
 slice time=    70.11
 slice time=    70.20
 slice time=    70.34
 slice time=    70.48
 slice time=    70.57
 slice time=    70.71
 slice time=    70.80
 slice time=    70.94
 slice time=    71.08
 slice time=    71.17
 slice time=    71.31
 slice time=    71.44
 slice time=    71.54
 slice time=    71.67
 slice time=    71.76
 slice time=    71.90
 slice time=    72.04
 slice time=    72.13
 slice time=    72.27
 slice time=    72.36
 slice time=    72.50
 slice time=    72.64
 slice time=    72.73
 slice time=    72.87
 slice time=    73.00
 slice time=    73.10
 slice time=    73.23
 slice time=    73.33
 slice time=    73.46
 slice time=    73.60
 slice time=    73.69
 slice time=    73.83
 slice time=    73.92
 slice time=    74.06
 slice time=    74.20
 slice time=    74.29
 slice time=    74.43
 slice time=    74.52
 slice time=    74.66
 slice time=    74.80
 slice time=    74.89
 slice time=    75.03
 slice time=    75.16
 slice time=    75.26
 slice time=    75.39
 slice time=    75.49
 slice time=    75.62
 slice time=    75.76
 slice time=    75.85
 slice time=    75.99
 slice time=    76.08
 slice time=    76.22
 slice time=    76.36
 slice time=    76.45
 slice time=    76.59
 slice time=    76.73
 slice time=    76.82
 slice time=    76.95
 slice time=    77.05
 slice time=    77.18
 slice time=    77.32
 slice time=    77.41
 slice time=    77.55
 slice time=    77.64
 slice time=    77.78
 slice time=    77.92
 slice time=    78.01
 slice time=    78.15
 slice time=    78.24
 slice time=    78.38
 slice time=    78.52
 slice time=    78.61
 slice time=    78.75
 slice time=    78.88
 slice time=    78.98
 slice time=    79.11
 slice time=    79.21
 slice time=    79.34
 slice time=    79.48
 slice time=    79.57
 slice time=    79.71
 slice time=    79.80
 slice time=    79.94
 slice time=    80.08
 slice time=    80.17
 slice time=    80.31
 slice time=    80.44
 slice time=    80.56
 slice time=    80.64
 slice time=    80.77
 slice time=    80.89
 slice time=    81.01
 slice time=    81.14
 slice time=    81.26
 slice time=    81.39
 slice time=    81.51
 slice time=    81.63
 slice time=    81.76
 slice time=    81.84
 slice time=    81.96
 slice time=    82.09
 slice time=    82.21
 slice time=    82.34
 slice time=    82.46
 slice time=    82.58
 slice time=    82.71
 slice time=    82.83
 slice time=    82.96
 slice time=    83.08
 slice time=    83.16
 slice time=    83.29
 slice time=    83.41
 slice time=    83.53
 slice time=    83.66
 slice time=    83.78
 slice time=    83.91
 slice time=    84.03
 slice time=    84.15
 slice time=    84.28
 slice time=    84.40
 slice time=    84.48
 slice time=    84.61
 slice time=    84.73
 slice time=    84.86
 slice time=    84.98
 slice time=    85.10
 slice time=    85.23
 slice time=    85.35
 slice time=    85.47
 slice time=    85.60
 slice time=    85.68
 slice time=    85.81
 slice time=    85.93
 slice time=    86.05
 slice time=    86.18
 slice time=    86.30
 slice time=    86.42
 slice time=    86.55
 slice time=    86.67
 slice time=    86.80
 slice time=    86.92
 slice time=    87.00
 slice time=    87.13
 slice time=    87.25
 slice time=    87.37
 slice time=    87.50
 slice time=    87.62
 slice time=    87.75
 slice time=    87.87
 slice time=    87.99
 slice time=    88.12
 slice time=    88.20
 slice time=    88.32
 slice time=    88.45
 slice time=    88.57
 slice time=    88.70
 slice time=    88.82
 slice time=    88.94
 slice time=    89.07
 slice time=    89.20
 slice time=    89.29
 slice time=    89.42
 slice time=    89.56
 slice time=    89.65
 slice time=    89.79
 slice time=    89.92
 slice time=    90.01
 slice time=    90.15
 slice time=    90.24
 slice time=    90.38
 slice time=    90.51
 slice time=    90.60
 slice time=    90.74
 slice time=    90.88
 slice time=    90.97
 slice time=    91.10
 slice time=    91.24
 slice time=    91.33
 slice time=    91.47
 slice time=    91.60
 slice time=    91.69
 slice time=    91.83
 slice time=    91.92
 slice time=    92.06
 slice time=    92.19
 slice time=    92.29
 slice time=    92.42
 slice time=    92.56
 slice time=    92.65
 slice time=    92.78
 slice time=    92.88
 slice time=    93.03
 slice time=    93.13
 slice time=    93.28
 slice time=    93.38
 slice time=    93.48
 slice time=    93.63
 slice time=    93.73
 slice time=    93.88
 slice time=    93.98
 slice time=    94.08
 slice time=    94.23
 slice time=    94.33
 slice time=    94.48
 slice time=    94.58
 slice time=    94.68
 slice time=    94.83
 slice time=    94.93
 slice time=    95.08
 slice time=    95.18
 slice time=    95.28
 slice time=    95.43
 slice time=    95.53
 slice time=    95.68
 slice time=    95.78
 slice time=    95.88
 slice time=    96.03
 slice time=    96.13
 slice time=    96.28
 slice time=    96.38
 slice time=    96.48
 slice time=    96.63
 slice time=    96.73
 slice time=    96.88
 slice time=    96.98
 slice time=    97.08
 slice time=    97.23
 slice time=    97.33
 slice time=    97.48
 slice time=    97.58
 slice time=    97.71
 slice time=    97.80
 slice time=    97.94
 slice time=    98.07
 slice time=    98.16
 slice time=    98.30
 slice time=    98.43
 slice time=    98.52
 slice time=    98.66
 slice time=    98.79
 slice time=    98.88
 slice time=    99.02
 slice time=    99.15
 slice time=    99.24
 slice time=    99.38
 slice time=    99.49
 slice time=    99.65
 slice time=    99.76
 slice time=    99.87
 slice time=    99.98
 slice time=   100.12
 slice time=   100.22
 slice time=   100.36
 slice time=   100.45
 slice time=   100.59
 slice time=   100.69
 slice time=   100.83
 slice time=   100.92
 slice time=   101.06
 slice time=   101.21
 slice time=   101.30
 slice time=   101.44
 slice time=   101.54
 slice time=   101.68
 slice time=   101.77
 slice time=   101.91
 slice time=   102.01
 slice time=   102.15
 slice time=   102.24
 slice time=   102.38
 slice time=   102.52
 slice time=   102.62
 slice time=   102.76
 slice time=   102.85
 slice time=   103.00
 slice time=   103.09
 slice time=   103.23
 slice time=   103.33
 slice time=   103.47
 slice time=   103.56
 slice time=   103.70
 slice time=   103.84
 slice time=   103.94
 slice time=   104.08
 slice time=   104.17
 slice time=   104.32
 slice time=   104.41
 slice time=   104.55
 slice time=   104.65
 slice time=   104.79
 slice time=   104.88
 slice time=   105.02
 slice time=   105.16
 slice time=   105.26
 slice time=   105.40
 slice time=   105.49
 slice time=   105.64
 slice time=   105.73
 slice time=   105.87
 slice time=   105.97
 slice time=   106.11
 slice time=   106.20
 slice time=   106.34
 slice time=   106.48
 slice time=   106.59
 slice time=   106.69
 slice time=   106.85
 slice time=   106.95
 slice time=   107.05
 slice time=   107.17
 slice time=   107.28
 slice time=   107.45
 slice time=   107.57
 slice time=   107.68
 slice time=   107.80
 slice time=   107.91
 slice time=   108.02
 slice time=   108.14
 slice time=   108.25
 slice time=   108.37
 slice time=   108.48
 slice time=   108.65
 slice time=   108.77
 slice time=   108.88
 slice time=   108.99
 slice time=   109.11
 slice time=   109.22
 slice time=   109.34
 slice time=   109.45
 slice time=   109.56
 slice time=   109.74
 slice time=   109.85
 slice time=   109.96
 slice time=   110.08
 slice time=   110.19
 slice time=   110.31
 slice time=   110.42
 slice time=   110.53
 slice time=   110.65
 slice time=   110.76
 slice time=   110.93
 slice time=   111.05
 slice time=   111.15
 slice time=   111.25
 slice time=   111.41
 slice time=   111.51
 slice time=   111.61
 slice time=   111.77
 slice time=   111.87
 slice time=   111.97
 slice time=   112.13
 slice time=   112.23
 slice time=   112.33
 slice time=   112.48
 slice time=   112.59
 slice time=   112.69
 slice time=   112.84
 slice time=   112.95
 slice time=   113.05
 slice time=   113.20
 slice time=   113.31
 slice time=   113.41
 slice time=   113.56
 slice time=   113.67
 slice time=   113.77
 slice time=   113.92
 slice time=   114.02
 slice time=   114.13
 slice time=   114.28
 slice time=   114.38
 slice time=   114.49
 slice time=   114.64
 slice time=   114.74
 slice time=   114.85
 slice time=   115.00
 slice time=   115.10
 slice time=   115.21
 slice time=   115.36
 slice time=   115.46
 slice time=   115.56
 slice time=   115.72
 slice time=   115.82
 slice time=   115.92
 slice time=   116.08
 slice time=   116.18
 slice time=   116.28
 slice time=   116.44
 slice time=   116.54
 slice time=   116.64
 slice time=   116.80
 slice time=   116.90
 slice time=   117.00
 slice time=   117.16
 slice time=   117.26
 slice time=   117.39
 slice time=   117.48
 slice time=   117.62
 slice time=   117.76
 slice time=   117.85
 slice time=   117.98
 slice time=   118.12
 slice time=   118.21
 slice time=   118.35
 slice time=   118.48
 slice time=   118.57
 slice time=   118.71
 slice time=   118.80
 slice time=   118.95
 slice time=   119.05
 slice time=   119.20
 slice time=   119.30
 slice time=   119.45
 slice time=   119.55
 slice time=   119.65
 slice time=   119.80
 slice time=   119.90
 slice time=   120.05

Smokeview 6.3.3 - Jan  5 2016

Version: 6.3.3
Smokeview (64 bit) Build: Git-r6-0-g9379bf1
Platform: OSX64
Build Date: Jan  5 2016
Smokeview path: /Applications/FDS/FDS6/bin/smokeview
Smokezip path: /Applications/FDS/FDS6/bin/smokezip
Texture directory path: /Applications/FDS/FDS6/bin/textures
Scratch directory: /tmp/

Initializing Glut
Glut initialization completed

Initializing OpenGL
   *** GPU smoke volume shader failed to load.
   *** GPU 3d slice shader failed to load.
   GPU shader initialization failed
OpenGL initialization completed

Processing object file:  /Applications/FDS/FDS6/bin/objects.svo
Object file processing complete

processing smokeview file: B_walking_speed.smv
   pass 1 started
   pass 1 completed
   pass 2 started
   pass 2 completed
   pass 3 started
     Loading surface textures
       Loading colorbar texture - completed
     Surface texture loading completed
   pass 3 completed
   pass 4 started
   pass 4 completed
B_walking_speed.smv processing completed

beginning wrap up 
  updating vector slices
    0 vector slices found
  vector slices update completed

  initializing blanking array
  blanking array initialization completed
initializing 3D smoke/hrrpuv blanking array - complete

  updating smoke3d menu labels
  update completed
wrap up completed

processing config file: /Applications/FDS/FDS6/bin/smokeview.ini
processing config file: B_walking_speed.ini
clipping off

Loading slice data: B_walking_speed_01.sf
 global min (slice file): 0.000000 node=(0,0,9)
 global max (slice file): 2.182323 node=(14,14,9)
computing slice color levels 
 7.9 MB loaded in 0.12 s - rate: 544.3 Mb/s (overhead: 0.15 s)

