 slice time=     0.00
 slice time=     0.23
 slice time=     0.46
 slice time=     0.68
 slice time=     0.91
 slice time=     1.14
 slice time=     1.37
 slice time=     1.60
 slice time=     1.83
 slice time=     2.05
 slice time=     2.28
 slice time=     2.51
 slice time=     2.70
 slice time=     2.90
 slice time=     3.07
 slice time=     3.24
 slice time=     3.41
 slice time=     3.54
 slice time=     3.68
 slice time=     3.81
 slice time=     3.95
 slice time=     4.08
 slice time=     4.22
 slice time=     4.35
 slice time=     4.47
 slice time=     4.59
 slice time=     4.71
 slice time=     4.83
 slice time=     4.93
 slice time=     5.13
 slice time=     5.22
 slice time=     5.31
 slice time=     5.41
 slice time=     5.59
 slice time=     5.68
 slice time=     5.78
 slice time=     5.88
 slice time=     6.11
 slice time=     6.22
 slice time=     6.33
 slice time=     6.44
 slice time=     6.55
 slice time=     6.66
 slice time=     6.77
 slice time=     6.88
 slice time=     6.99
 slice time=     7.10
 slice time=     7.23
 slice time=     7.35
 slice time=     7.47
 slice time=     7.59
 slice time=     7.72
 slice time=     7.84
 slice time=     7.96
 slice time=     8.08
 slice time=     8.20
 slice time=     8.33
 slice time=     8.45
 slice time=     8.56
 slice time=     8.67
 slice time=     8.77
 slice time=     8.88
 slice time=     9.10
 slice time=     9.21
 slice time=     9.32
 slice time=     9.42
 slice time=     9.53
 slice time=     9.64
 slice time=     9.75
 slice time=     9.86
 slice time=     9.97
 slice time=    10.17
 slice time=    10.27
 slice time=    10.37
 slice time=    10.46
 slice time=    10.56
 slice time=    10.75
 slice time=    10.85
 slice time=    10.95
 slice time=    11.05
 slice time=    11.24
 slice time=    11.34
 slice time=    11.43
 slice time=    11.53
 slice time=    11.72
 slice time=    11.81
 slice time=    11.90
 slice time=    12.07
 slice time=    12.16
 slice time=    12.25
 slice time=    12.42
 slice time=    12.51
 slice time=    12.69
 slice time=    12.77
 slice time=    12.87
 slice time=    12.96
 slice time=    13.16
 slice time=    13.25
 slice time=    13.35
 slice time=    13.45
 slice time=    13.64
 slice time=    13.73
 slice time=    13.83
 slice time=    13.93
 slice time=    14.12
 slice time=    14.21
 slice time=    14.31
 slice time=    14.41
 slice time=    14.60
 slice time=    14.69
 slice time=    14.79
 slice time=    14.89
 slice time=    15.08
 slice time=    15.17
 slice time=    15.27
 slice time=    15.44
 slice time=    15.53
 slice time=    15.61
 slice time=    15.79
 slice time=    15.87
 slice time=    16.05
 slice time=    16.13
 slice time=    16.22
 slice time=    16.39
 slice time=    16.48
 slice time=    16.56
 slice time=    16.74
 slice time=    16.82
 slice time=    16.99
 slice time=    17.08
 slice time=    17.18
 slice time=    17.36
 slice time=    17.46
 slice time=    17.55
 slice time=    17.65
 slice time=    17.86
 slice time=    17.96
 slice time=    18.07
 slice time=    18.17
 slice time=    18.28
 slice time=    18.38
 slice time=    18.48
 slice time=    18.69
 slice time=    18.80
 slice time=    18.90
 slice time=    19.01
 slice time=    19.11
 slice time=    19.21
 slice time=    19.42
 slice time=    19.53
 slice time=    19.63
 slice time=    19.74
 slice time=    19.84
 slice time=    19.94
 slice time=    20.05
 slice time=    20.26
 slice time=    20.36
 slice time=    20.45
 slice time=    20.55
 slice time=    20.64
 slice time=    20.83
 slice time=    20.92
 slice time=    21.01
 slice time=    21.20
 slice time=    21.29
 slice time=    21.39
 slice time=    21.48
 slice time=    21.67
 slice time=    21.76
 slice time=    21.85
 slice time=    22.04
 slice time=    22.13
 slice time=    22.23
 slice time=    22.41
 slice time=    22.51
 slice time=    22.60
 slice time=    22.69
 slice time=    22.88
 slice time=    22.97
 slice time=    23.07
 slice time=    23.25
 slice time=    23.35
 slice time=    23.44
 slice time=    23.53
 slice time=    23.72
 slice time=    23.81
 slice time=    23.90
 slice time=    24.09
 slice time=    24.18
 slice time=    24.28
 slice time=    24.37
 slice time=    24.57
 slice time=    24.67
 slice time=    24.77
 slice time=    24.87
 slice time=    24.98
 slice time=    25.18
 slice time=    25.28
 slice time=    25.39
 slice time=    25.49
 slice time=    25.59
 slice time=    25.69
 slice time=    25.90
 slice time=    26.00
 slice time=    26.11
 slice time=    26.21
 slice time=    26.31
 slice time=    26.41
 slice time=    26.62
 slice time=    26.72
 slice time=    26.82
 slice time=    26.93
 slice time=    27.03
 slice time=    27.13
 slice time=    27.35
 slice time=    27.46
 slice time=    27.57
 slice time=    27.68
 slice time=    27.80
 slice time=    27.91
 slice time=    28.02
 slice time=    28.14
 slice time=    28.25
 slice time=    28.36
 slice time=    28.46
 slice time=    28.56
 slice time=    28.76
 slice time=    28.86
 slice time=    28.96
 slice time=    29.06
 slice time=    29.17
 slice time=    29.37
 slice time=    29.47
 slice time=    29.57
 slice time=    29.67
 slice time=    29.77
 slice time=    29.97
 slice time=    30.07
 slice time=    30.17
 slice time=    30.27
 slice time=    30.37
 slice time=    30.57
 slice time=    30.67
 slice time=    30.77
 slice time=    30.87
 slice time=    30.97
 slice time=    31.18
 slice time=    31.28
 slice time=    31.38
 slice time=    31.48
 slice time=    31.58
 slice time=    31.78
 slice time=    31.88
 slice time=    31.98
 slice time=    32.08
 slice time=    32.19
 slice time=    32.30
 slice time=    32.41
 slice time=    32.52
 slice time=    32.74
 slice time=    32.85
 slice time=    32.96
 slice time=    33.08
 slice time=    33.19
 slice time=    33.30
 slice time=    33.41
 slice time=    33.52
 slice time=    33.63
 slice time=    33.74
 slice time=    33.85
 slice time=    34.07
 slice time=    34.18
 slice time=    34.29
 slice time=    34.40
 slice time=    34.51
 slice time=    34.62
 slice time=    34.73
 slice time=    34.84
 slice time=    34.95
 slice time=    35.07
 slice time=    35.18
 slice time=    35.29
 slice time=    35.51
 slice time=    35.62
 slice time=    35.73
 slice time=    35.84
 slice time=    35.95
 slice time=    36.06
 slice time=    36.17
 slice time=    36.28
 slice time=    36.39
 slice time=    36.50
 slice time=    36.61
 slice time=    36.72
 slice time=    36.94
 slice time=    37.06
 slice time=    37.17
 slice time=    37.28
 slice time=    37.39
 slice time=    37.50
 slice time=    37.61
 slice time=    37.72
 slice time=    37.83
 slice time=    37.94
 slice time=    38.05
 slice time=    38.16
 slice time=    38.38
 slice time=    38.49
 slice time=    38.60
 slice time=    38.71
 slice time=    38.82
 slice time=    38.93
 slice time=    39.05
 slice time=    39.16
 slice time=    39.27
 slice time=    39.38
 slice time=    39.49
 slice time=    39.71
 slice time=    39.82
 slice time=    39.93
 slice time=    40.04
 slice time=    40.15
 slice time=    40.26
 slice time=    40.37
 slice time=    40.48
 slice time=    40.59
 slice time=    40.70
 slice time=    40.81
 slice time=    40.92
 slice time=    41.15
 slice time=    41.26
 slice time=    41.37
 slice time=    41.48
 slice time=    41.59
 slice time=    41.70
 slice time=    41.82
 slice time=    41.94
 slice time=    42.06
 slice time=    42.18
 slice time=    42.31
 slice time=    42.43
 slice time=    42.55
 slice time=    42.67
 slice time=    42.81
 slice time=    42.94
 slice time=    43.07
 slice time=    43.19
 slice time=    43.31
 slice time=    43.43
 slice time=    43.55
 slice time=    43.67
 slice time=    43.80
 slice time=    43.93
 slice time=    44.05
 slice time=    44.17
 slice time=    44.28
 slice time=    44.40
 slice time=    44.63
 slice time=    44.75
 slice time=    44.87
 slice time=    44.99
 slice time=    45.10
 slice time=    45.22
 slice time=    45.34
 slice time=    45.46
 slice time=    45.57
 slice time=    45.69
 slice time=    45.81
 slice time=    45.93
 slice time=    46.04
 slice time=    46.16
 slice time=    46.28
 slice time=    46.39
 slice time=    46.51
 slice time=    46.63
 slice time=    46.75
 slice time=    46.88
 slice time=    47.01
 slice time=    47.13
 slice time=    47.26
 slice time=    47.39
 slice time=    47.52
 slice time=    47.65
 slice time=    47.79
 slice time=    47.93
 slice time=    48.06
 slice time=    48.18
 slice time=    48.31
 slice time=    48.44
 slice time=    48.56
 slice time=    48.69
 slice time=    48.81
 slice time=    48.94
 slice time=    49.06
 slice time=    49.19
 slice time=    49.31
 slice time=    49.44
 slice time=    49.58
 slice time=    49.71
 slice time=    49.85
 slice time=    49.99
 slice time=    50.13
 slice time=    50.26
 slice time=    50.40
 slice time=    50.54
 slice time=    50.68
 slice time=    50.82
 slice time=    50.95
 slice time=    51.09
 slice time=    51.23
 slice time=    51.37
 slice time=    51.50
 slice time=    51.64
 slice time=    51.78
 slice time=    51.92
 slice time=    52.05
 slice time=    52.19
 slice time=    52.33
 slice time=    52.47
 slice time=    52.61
 slice time=    52.74
 slice time=    52.88
 slice time=    53.02
 slice time=    53.16
 slice time=    53.29
 slice time=    53.43
 slice time=    53.57
 slice time=    53.72
 slice time=    53.87
 slice time=    54.03
 slice time=    54.18
 slice time=    54.33
 slice time=    54.46
 slice time=    54.59
 slice time=    54.73
 slice time=    54.86
 slice time=    54.99
 slice time=    55.12
 slice time=    55.26
 slice time=    55.39
 slice time=    55.52
 slice time=    55.65
 slice time=    55.79
 slice time=    55.92
 slice time=    56.05
 slice time=    56.18
 slice time=    56.32
 slice time=    56.45
 slice time=    56.58
 slice time=    56.71
 slice time=    56.85
 slice time=    56.98
 slice time=    57.11
 slice time=    57.24
 slice time=    57.38
 slice time=    57.51
 slice time=    57.64
 slice time=    57.77
 slice time=    57.91
 slice time=    58.04
 slice time=    58.17
 slice time=    58.30
 slice time=    58.44
 slice time=    58.57
 slice time=    58.70
 slice time=    58.83
 slice time=    58.97
 slice time=    59.10
 slice time=    59.23
 slice time=    59.36
 slice time=    59.50
 slice time=    59.63
 slice time=    59.76
 slice time=    59.91
 slice time=    60.05
 slice time=    60.20
 slice time=    60.36
 slice time=    60.52
 slice time=    60.68
 slice time=    60.84
 slice time=    61.00
 slice time=    61.16
 slice time=    61.30
 slice time=    61.45
 slice time=    61.59
 slice time=    61.73
 slice time=    61.88
 slice time=    62.02
 slice time=    62.18
 slice time=    62.33
 slice time=    62.49
 slice time=    62.65
 slice time=    62.81
 slice time=    62.96
 slice time=    63.12
 slice time=    63.28
 slice time=    63.44
 slice time=    63.59
 slice time=    63.75
 slice time=    63.91
 slice time=    64.05
 slice time=    64.19
 slice time=    64.33
 slice time=    64.47
 slice time=    64.61
 slice time=    64.75
 slice time=    64.89
 slice time=    65.03
 slice time=    65.17
 slice time=    65.32
 slice time=    65.46
 slice time=    65.60
 slice time=    65.74
 slice time=    65.88
 slice time=    66.02
 slice time=    66.16
 slice time=    66.30
 slice time=    66.44
 slice time=    66.58
 slice time=    66.72
 slice time=    66.86
 slice time=    67.00
 slice time=    67.14
 slice time=    67.28
 slice time=    67.43
 slice time=    67.57
 slice time=    67.71
 slice time=    67.85
 slice time=    67.99
 slice time=    68.13
 slice time=    68.27
 slice time=    68.41
 slice time=    68.55
 slice time=    68.69
 slice time=    68.83
 slice time=    68.97
 slice time=    69.11
 slice time=    69.25
 slice time=    69.39
 slice time=    69.53
 slice time=    69.69
 slice time=    69.84
 slice time=    70.00
 slice time=    70.15
 slice time=    70.31
 slice time=    70.46
 slice time=    70.62
 slice time=    70.77
 slice time=    70.93
 slice time=    71.08
 slice time=    71.24
 slice time=    71.39
 slice time=    71.55
 slice time=    71.70
 slice time=    71.86
 slice time=    72.01
 slice time=    72.17
 slice time=    72.32
 slice time=    72.47
 slice time=    72.63
 slice time=    72.78
 slice time=    72.94
 slice time=    73.09
 slice time=    73.26
 slice time=    73.43
 slice time=    73.60
 slice time=    73.77
 slice time=    73.94
 slice time=    74.11
 slice time=    74.28
 slice time=    74.45
 slice time=    74.62
 slice time=    74.80
 slice time=    74.97
 slice time=    75.14
 slice time=    75.31
 slice time=    75.48
 slice time=    75.65
 slice time=    75.82
 slice time=    75.99
 slice time=    76.16
 slice time=    76.33
 slice time=    76.50
 slice time=    76.67
 slice time=    76.84
 slice time=    77.01
 slice time=    77.18
 slice time=    77.35
 slice time=    77.52
 slice time=    77.69
 slice time=    77.86
 slice time=    78.01
 slice time=    78.16
 slice time=    78.31
 slice time=    78.46
 slice time=    78.60
 slice time=    78.75
 slice time=    78.90
 slice time=    79.05
 slice time=    79.20
 slice time=    79.35
 slice time=    79.50
 slice time=    79.63
 slice time=    79.77
 slice time=    79.90
 slice time=    80.03
 slice time=    80.16
 slice time=    80.31
 slice time=    80.46
 slice time=    80.60
 slice time=    80.75
 slice time=    80.91
 slice time=    81.07
 slice time=    81.23
 slice time=    81.39
 slice time=    81.55
 slice time=    81.71
 slice time=    81.87
 slice time=    82.03
 slice time=    82.20
 slice time=    82.36
 slice time=    82.50
 slice time=    82.64
 slice time=    82.79
 slice time=    82.93
 slice time=    83.07
 slice time=    83.22
 slice time=    83.36
 slice time=    83.51
 slice time=    83.66
 slice time=    83.82
 slice time=    84.00
 slice time=    84.17
 slice time=    84.33
 slice time=    84.48
 slice time=    84.64
 slice time=    84.79
 slice time=    84.93
 slice time=    85.06
 slice time=    85.19
 slice time=    85.33
 slice time=    85.48
 slice time=    85.63
 slice time=    85.77
 slice time=    85.92
 slice time=    86.07
 slice time=    86.22
 slice time=    86.36
 slice time=    86.51
 slice time=    86.66
 slice time=    86.81
 slice time=    86.96
 slice time=    87.09
 slice time=    87.21
 slice time=    87.34
 slice time=    87.47
 slice time=    87.60
 slice time=    87.74
 slice time=    87.90
 slice time=    88.04
 slice time=    88.18
 slice time=    88.32
 slice time=    88.46
 slice time=    88.60
 slice time=    88.74
 slice time=    88.88
 slice time=    89.03
 slice time=    89.18
 slice time=    89.33
 slice time=    89.50
 slice time=    89.69
 slice time=    89.87
 slice time=    90.06
 slice time=    90.25
 slice time=    90.40
 slice time=    90.55
 slice time=    90.70
 slice time=    90.85
 slice time=    91.00
 slice time=    91.16
 slice time=    91.31
 slice time=    91.44
 slice time=    91.58
 slice time=    91.71
 slice time=    91.85
 slice time=    91.98
 slice time=    92.13
 slice time=    92.27
 slice time=    92.44
 slice time=    92.58
 slice time=    92.73
 slice time=    92.87
 slice time=    93.02
 slice time=    93.16
 slice time=    93.32
 slice time=    93.48
 slice time=    93.64
 slice time=    93.80
 slice time=    93.96
 slice time=    94.12
 slice time=    94.28
 slice time=    94.44
 slice time=    94.60
 slice time=    94.76
 slice time=    94.92
 slice time=    95.08
 slice time=    95.24
 slice time=    95.40
 slice time=    95.55
 slice time=    95.69
 slice time=    95.83
 slice time=    95.97
 slice time=    96.11
 slice time=    96.26
 slice time=    96.40
 slice time=    96.54
 slice time=    96.68
 slice time=    96.84
 slice time=    97.01
 slice time=    97.18
 slice time=    97.35
 slice time=    97.52
 slice time=    97.69
 slice time=    97.87
 slice time=    98.04
 slice time=    98.21
 slice time=    98.38
 slice time=    98.55
 slice time=    98.72
 slice time=    98.90
 slice time=    99.07
 slice time=    99.24
 slice time=    99.41
 slice time=    99.58
 slice time=    99.75
 slice time=    99.93
 slice time=   100.10
 slice time=   100.27
 slice time=   100.44
 slice time=   100.61
 slice time=   100.78

Smokeview 6.3.3 - Jan  5 2016

Version: 6.3.3
Smokeview (64 bit) Build: Git-r6-0-g9379bf1
Platform: OSX64
Build Date: Jan  5 2016
Smokeview path: /Applications/FDS/FDS6/bin/smokeview
Smokezip path: /Applications/FDS/FDS6/bin/smokezip
Texture directory path: /Applications/FDS/FDS6/bin/textures
Scratch directory: /tmp/

Initializing Glut
Glut initialization completed

Initializing OpenGL
   *** GPU smoke volume shader failed to load.
   *** GPU 3d slice shader failed to load.
   GPU shader initialization failed
OpenGL initialization completed

Processing object file:  /Applications/FDS/FDS6/bin/objects.svo
Object file processing complete

processing smokeview file: toxicity_analysis.smv
   pass 1 started
   pass 1 completed
   pass 2 started
   pass 2 completed
   pass 3 started
     Loading surface textures
       Loading colorbar texture - completed
     Surface texture loading completed
   pass 3 completed
   pass 4 started
   pass 4 completed
toxicity_analysis.smv processing completed

beginning wrap up 
  updating vector slices
    0 vector slices found
  vector slices update completed

  initializing blanking array
  blanking array initialization completed
initializing 3D smoke/hrrpuv blanking array - complete

  updating smoke3d menu labels
  update completed
wrap up completed

processing config file: /Applications/FDS/FDS6/bin/smokeview.ini
processing config file: toxicity_analysis.ini
clipping blockages + data

Loading slice data: toxicity_analysis_04.sf
 global min (slice file): 0.000000 node=(0,0,8)
 global max (slice file): 0.001603 node=(44,26,8)
computing slice color levels 
 5.4 MB loaded in 0.14 s - rate: 314.2 Mb/s (overhead: 0.16 s)

